2025-06-09T09:14:04.883+05:30  INFO 5544 --- [restaurant] [restartedMain] c.c.p.restaurant.RestaurantApplication   : Starting RestaurantApplication using Java 21.0.5 with PID 5544 (C:\Users\2400668\Desktop\OFds\-Online-Food-Delivery-System\restaurant\restaurant\target\classes started by 2400668 in C:\Users\2400668\Desktop\OFds\-Online-Food-Delivery-System\restaurant\restaurant)
2025-06-09T09:14:04.910+05:30  INFO 5544 --- [restaurant] [restartedMain] c.c.p.restaurant.RestaurantApplication   : No active profile set, falling back to 1 default profile: "default"
2025-06-09T09:14:05.060+05:30  INFO 5544 --- [restaurant] [restartedMain] o.s.c.c.c.ConfigServerConfigDataLoader   : Fetching config from server at : http://localhost:8888
2025-06-09T09:14:05.062+05:30  INFO 5544 --- [restaurant] [restartedMain] o.s.c.c.c.ConfigServerConfigDataLoader   : Located environment: name=restaurant, profiles=[default], label=null, version=304a6ae5ffceb600cfe4d66ce473b19f63e5f5b6, state=
2025-06-09T09:14:05.068+05:30  INFO 5544 --- [restaurant] [restartedMain] .e.DevToolsPropertyDefaultsPostProcessor : Devtools property defaults active! Set 'spring.devtools.add-properties' to 'false' to disable
2025-06-09T09:14:05.069+05:30  INFO 5544 --- [restaurant] [restartedMain] .e.DevToolsPropertyDefaultsPostProcessor : For additional web related logging consider setting the 'logging.level.web' property to 'DEBUG'
2025-06-09T09:14:09.238+05:30  INFO 5544 --- [restaurant] [restartedMain] .s.d.r.c.RepositoryConfigurationDelegate : Bootstrapping Spring Data JPA repositories in DEFAULT mode.
2025-06-09T09:14:09.767+05:30  INFO 5544 --- [restaurant] [restartedMain] .s.d.r.c.RepositoryConfigurationDelegate : Finished Spring Data repository scanning in 488 ms. Found 1 JPA repository interface.
2025-06-09T09:14:10.552+05:30  INFO 5544 --- [restaurant] [restartedMain] o.s.cloud.context.scope.GenericScope     : BeanFactory id=c41eacea-f4bf-3fad-805d-c57c96b6d7ad
2025-06-09T09:14:13.538+05:30  INFO 5544 --- [restaurant] [restartedMain] o.s.b.w.embedded.tomcat.TomcatWebServer  : Tomcat initialized with port 8082 (http)
2025-06-09T09:14:13.574+05:30  INFO 5544 --- [restaurant] [restartedMain] o.apache.catalina.core.StandardService   : Starting service [Tomcat]
2025-06-09T09:14:13.576+05:30  INFO 5544 --- [restaurant] [restartedMain] o.apache.catalina.core.StandardEngine    : Starting Servlet engine: [Apache Tomcat/10.1.40]
2025-06-09T09:14:13.781+05:30  INFO 5544 --- [restaurant] [restartedMain] o.a.c.c.C.[Tomcat].[localhost].[/]       : Initializing Spring embedded WebApplicationContext
2025-06-09T09:14:13.783+05:30  INFO 5544 --- [restaurant] [restartedMain] w.s.c.ServletWebServerApplicationContext : Root WebApplicationContext: initialization completed in 8712 ms
2025-06-09T09:14:15.082+05:30  INFO 5544 --- [restaurant] [restartedMain] o.hibernate.jpa.internal.util.LogHelper  : HHH000204: Processing PersistenceUnitInfo [name: default]
2025-06-09T09:14:15.325+05:30  INFO 5544 --- [restaurant] [restartedMain] org.hibernate.Version                    : HHH000412: Hibernate ORM core version 6.6.13.Final
2025-06-09T09:14:15.433+05:30  INFO 5544 --- [restaurant] [restartedMain] o.h.c.internal.RegionFactoryInitiator    : HHH000026: Second-level cache disabled
2025-06-09T09:14:16.663+05:30  INFO 5544 --- [restaurant] [restartedMain] o.s.o.j.p.SpringPersistenceUnitInfo      : No LoadTimeWeaver setup: ignoring JPA class transformer
2025-06-09T09:14:16.812+05:30  INFO 5544 --- [restaurant] [restartedMain] com.zaxxer.hikari.HikariDataSource       : HikariPool-1 - Starting...
2025-06-09T09:14:17.919+05:30  INFO 5544 --- [restaurant] [restartedMain] com.zaxxer.hikari.pool.HikariPool        : HikariPool-1 - Added connection com.mysql.cj.jdbc.ConnectionImpl@3c9fb0c4
2025-06-09T09:14:17.923+05:30  INFO 5544 --- [restaurant] [restartedMain] com.zaxxer.hikari.HikariDataSource       : HikariPool-1 - Start completed.
2025-06-09T09:14:18.135+05:30  WARN 5544 --- [restaurant] [restartedMain] org.hibernate.orm.deprecation            : HHH90000025: MySQLDialect does not need to be specified explicitly using 'hibernate.dialect' (remove the property setting and it will be selected by default)
2025-06-09T09:14:18.229+05:30  INFO 5544 --- [restaurant] [restartedMain] org.hibernate.orm.connections.pooling    : HHH10001005: Database info:
	Database JDBC URL [Connecting through datasource 'HikariDataSource (HikariPool-1)']
	Database driver: undefined/unknown
	Database version: 8.0.41
	Autocommit mode: undefined/unknown
	Isolation level: undefined/unknown
	Minimum pool size: undefined/unknown
	Maximum pool size: undefined/unknown
2025-06-09T09:14:21.976+05:30  INFO 5544 --- [restaurant] [restartedMain] o.h.e.t.j.p.i.JtaPlatformInitiator       : HHH000489: No JTA platform available (set 'hibernate.transaction.jta.platform' to enable JTA platform integration)
2025-06-09T09:14:22.192+05:30  INFO 5544 --- [restaurant] [restartedMain] j.LocalContainerEntityManagerFactoryBean : Initialized JPA EntityManagerFactory for persistence unit 'default'
2025-06-09T09:14:24.401+05:30  WARN 5544 --- [restaurant] [restartedMain] JpaBaseConfiguration$JpaWebConfiguration : spring.jpa.open-in-view is enabled by default. Therefore, database queries may be performed during view rendering. Explicitly configure spring.jpa.open-in-view to disable this warning
2025-06-09T09:14:24.592+05:30  WARN 5544 --- [restaurant] [restartedMain] o.s.b.d.a.OptionalLiveReloadServer       : Unable to start LiveReload server
2025-06-09T09:14:24.808+05:30  INFO 5544 --- [restaurant] [restartedMain] o.s.c.openfeign.FeignClientFactoryBean   : For 'menuItems' URL not provided. Will try picking an instance via load-balancing.
2025-06-09T09:14:28.605+05:30  INFO 5544 --- [restaurant] [restartedMain] DiscoveryClientOptionalArgsConfiguration : Eureka HTTP Client uses RestTemplate.
2025-06-09T09:14:28.811+05:30  WARN 5544 --- [restaurant] [restartedMain] iguration$LoadBalancerCaffeineWarnLogger : Spring Cloud LoadBalancer is currently working with the default cache. While this cache implementation is useful for development and tests, it's recommended to use Caffeine cache in production.You can switch to using Caffeine cache, by adding it and org.springframework.cache.caffeine.CaffeineCacheManager to the classpath.
2025-06-09T09:14:28.898+05:30  INFO 5544 --- [restaurant] [restartedMain] o.s.b.a.e.web.EndpointLinksResolver      : Exposing 18 endpoints beneath base path '/actuator'
2025-06-09T09:14:29.162+05:30  INFO 5544 --- [restaurant] [restartedMain] o.s.c.n.eureka.InstanceInfoFactory       : Setting initial instance status as: STARTING
2025-06-09T09:14:29.280+05:30  INFO 5544 --- [restaurant] [restartedMain] com.netflix.discovery.DiscoveryClient    : Initializing Eureka in region us-east-1
2025-06-09T09:14:29.291+05:30  INFO 5544 --- [restaurant] [restartedMain] c.n.d.s.r.aws.ConfigClusterResolver      : Resolving eureka endpoints via configuration
2025-06-09T09:14:29.329+05:30  INFO 5544 --- [restaurant] [restartedMain] com.netflix.discovery.DiscoveryClient    : Disable delta property : false
2025-06-09T09:14:29.330+05:30  INFO 5544 --- [restaurant] [restartedMain] com.netflix.discovery.DiscoveryClient    : Single vip registry refresh property : null
2025-06-09T09:14:29.330+05:30  INFO 5544 --- [restaurant] [restartedMain] com.netflix.discovery.DiscoveryClient    : Force full registry fetch : false
2025-06-09T09:14:29.331+05:30  INFO 5544 --- [restaurant] [restartedMain] com.netflix.discovery.DiscoveryClient    : Application is null : false
2025-06-09T09:14:29.331+05:30  INFO 5544 --- [restaurant] [restartedMain] com.netflix.discovery.DiscoveryClient    : Registered Applications size is zero : true
2025-06-09T09:14:29.331+05:30  INFO 5544 --- [restaurant] [restartedMain] com.netflix.discovery.DiscoveryClient    : Application version is -1: true
2025-06-09T09:14:29.332+05:30  INFO 5544 --- [restaurant] [restartedMain] com.netflix.discovery.DiscoveryClient    : Getting all instance registry info from the eureka server
2025-06-09T09:14:30.596+05:30  INFO 5544 --- [restaurant] [restartedMain] com.netflix.discovery.DiscoveryClient    : The response status is 200
2025-06-09T09:14:30.605+05:30  INFO 5544 --- [restaurant] [restartedMain] com.netflix.discovery.DiscoveryClient    : Starting heartbeat executor: renew interval is: 30
2025-06-09T09:14:30.611+05:30  INFO 5544 --- [restaurant] [restartedMain] c.n.discovery.InstanceInfoReplicator     : InstanceInfoReplicator onDemand update allowed rate per min is 4
2025-06-09T09:14:30.616+05:30  INFO 5544 --- [restaurant] [restartedMain] com.netflix.discovery.DiscoveryClient    : Discovery Client initialized at timestamp 1749440670615 with initial instances count: 2
2025-06-09T09:14:30.635+05:30  INFO 5544 --- [restaurant] [restartedMain] o.s.c.n.e.s.EurekaServiceRegistry        : Registering application RESTAURANT with eureka with status UP
2025-06-09T09:14:30.639+05:30  INFO 5544 --- [restaurant] [restartedMain] com.netflix.discovery.DiscoveryClient    : Saw local status change event StatusChangeEvent [timestamp=1749440670639, current=UP, previous=STARTING]
2025-06-09T09:14:30.650+05:30  INFO 5544 --- [restaurant] [DiscoveryClient-InstanceInfoReplicator-%d] com.netflix.discovery.DiscoveryClient    : DiscoveryClient_RESTAURANT/LTIN603865.cts.com:restaurant:8082: registering service...
2025-06-09T09:14:30.716+05:30  INFO 5544 --- [restaurant] [restartedMain] o.s.b.w.embedded.tomcat.TomcatWebServer  : Tomcat started on port 8082 (http) with context path '/'
2025-06-09T09:14:30.724+05:30  INFO 5544 --- [restaurant] [restartedMain] .s.c.n.e.s.EurekaAutoServiceRegistration : Updating port to 8082
2025-06-09T09:14:30.778+05:30  INFO 5544 --- [restaurant] [restartedMain] c.c.p.restaurant.RestaurantApplication   : Started RestaurantApplication in 29.518 seconds (process running for 31.875)
2025-06-09T09:14:30.879+05:30  INFO 5544 --- [restaurant] [DiscoveryClient-InstanceInfoReplicator-%d] com.netflix.discovery.DiscoveryClient    : DiscoveryClient_RESTAURANT/LTIN603865.cts.com:restaurant:8082 - registration status: 204
2025-06-09T09:15:52.397+05:30  INFO 5544 --- [restaurant] [http-nio-8082-exec-6] o.a.c.c.C.[Tomcat].[localhost].[/]       : Initializing Spring DispatcherServlet 'dispatcherServlet'
2025-06-09T09:15:52.398+05:30  INFO 5544 --- [restaurant] [http-nio-8082-exec-6] o.s.web.servlet.DispatcherServlet        : Initializing Servlet 'dispatcherServlet'
2025-06-09T09:15:52.399+05:30  INFO 5544 --- [restaurant] [http-nio-8082-exec-6] o.s.web.servlet.DispatcherServlet        : Completed initialization in 1 ms
2025-06-09T09:15:52.466+05:30  INFO 5544 --- [restaurant] [http-nio-8082-exec-6] c.c.p.r.controller.RestaurantController  : Fetching all restaurants...
2025-06-09T09:15:52.466+05:30  INFO 5544 --- [restaurant] [http-nio-8082-exec-6] c.c.p.r.service.RestaurantServiceImpl    : Fetching all restaurants...
2025-06-09T09:15:52.671+05:30  INFO 5544 --- [restaurant] [http-nio-8082-exec-7] c.c.p.r.controller.RestaurantController  : Fetching all restaurants...
2025-06-09T09:15:52.672+05:30  INFO 5544 --- [restaurant] [http-nio-8082-exec-7] c.c.p.r.service.RestaurantServiceImpl    : Fetching all restaurants...
2025-06-09T09:16:00.613+05:30  INFO 5544 --- [restaurant] [http-nio-8082-exec-8] c.c.p.r.controller.RestaurantController  : Fetching all restaurants...
2025-06-09T09:16:00.613+05:30  INFO 5544 --- [restaurant] [http-nio-8082-exec-8] c.c.p.r.service.RestaurantServiceImpl    : Fetching all restaurants...
2025-06-09T09:16:00.630+05:30  INFO 5544 --- [restaurant] [http-nio-8082-exec-1] c.c.p.r.controller.RestaurantController  : Fetching all restaurants...
2025-06-09T09:16:00.631+05:30  INFO 5544 --- [restaurant] [http-nio-8082-exec-1] c.c.p.r.service.RestaurantServiceImpl    : Fetching all restaurants...
2025-06-09T09:16:07.364+05:30  INFO 5544 --- [restaurant] [http-nio-8082-exec-9] c.c.p.r.controller.RestaurantController  : Fetching all restaurants...
2025-06-09T09:16:07.365+05:30  INFO 5544 --- [restaurant] [http-nio-8082-exec-9] c.c.p.r.service.RestaurantServiceImpl    : Fetching all restaurants...
2025-06-09T09:16:07.389+05:30  INFO 5544 --- [restaurant] [http-nio-8082-exec-10] c.c.p.r.controller.RestaurantController  : Fetching all restaurants...
2025-06-09T09:16:07.389+05:30  INFO 5544 --- [restaurant] [http-nio-8082-exec-10] c.c.p.r.service.RestaurantServiceImpl    : Fetching all restaurants...
2025-06-09T09:16:13.253+05:30  INFO 5544 --- [restaurant] [http-nio-8082-exec-2] c.c.p.r.controller.RestaurantController  : Fetching all restaurants...
2025-06-09T09:16:13.253+05:30  INFO 5544 --- [restaurant] [http-nio-8082-exec-2] c.c.p.r.service.RestaurantServiceImpl    : Fetching all restaurants...
2025-06-09T09:16:13.275+05:30  INFO 5544 --- [restaurant] [http-nio-8082-exec-3] c.c.p.r.controller.RestaurantController  : Fetching all restaurants...
2025-06-09T09:16:13.276+05:30  INFO 5544 --- [restaurant] [http-nio-8082-exec-3] c.c.p.r.service.RestaurantServiceImpl    : Fetching all restaurants...
2025-06-09T09:16:14.827+05:30  INFO 5544 --- [restaurant] [http-nio-8082-exec-4] c.c.p.r.controller.RestaurantController  : Fetching restaurant by ID: 1
2025-06-09T09:16:14.827+05:30  INFO 5544 --- [restaurant] [http-nio-8082-exec-4] c.c.p.r.service.RestaurantServiceImpl    : Fetching restaurant by ID: 1
2025-06-09T09:16:14.881+05:30  INFO 5544 --- [restaurant] [http-nio-8082-exec-5] c.c.p.r.controller.RestaurantController  : Fetching restaurant by ID: 1
2025-06-09T09:16:14.881+05:30  INFO 5544 --- [restaurant] [http-nio-8082-exec-5] c.c.p.r.service.RestaurantServiceImpl    : Fetching restaurant by ID: 1
2025-06-09T09:16:37.869+05:30  INFO 5544 --- [restaurant] [http-nio-8082-exec-6] c.c.p.r.controller.RestaurantController  : Fetching restaurant by ID: 1
2025-06-09T09:16:37.870+05:30  INFO 5544 --- [restaurant] [http-nio-8082-exec-6] c.c.p.r.service.RestaurantServiceImpl    : Fetching restaurant by ID: 1
2025-06-09T09:16:37.896+05:30  INFO 5544 --- [restaurant] [http-nio-8082-exec-7] c.c.p.r.controller.RestaurantController  : Fetching restaurant by ID: 1
2025-06-09T09:16:37.896+05:30  INFO 5544 --- [restaurant] [http-nio-8082-exec-7] c.c.p.r.service.RestaurantServiceImpl    : Fetching restaurant by ID: 1
2025-06-09T09:16:55.025+05:30  INFO 5544 --- [restaurant] [http-nio-8082-exec-8] c.c.p.r.controller.RestaurantController  : Fetching restaurant by ID: 1
2025-06-09T09:16:55.025+05:30  INFO 5544 --- [restaurant] [http-nio-8082-exec-8] c.c.p.r.service.RestaurantServiceImpl    : Fetching restaurant by ID: 1
2025-06-09T09:16:55.042+05:30  INFO 5544 --- [restaurant] [http-nio-8082-exec-1] c.c.p.r.controller.RestaurantController  : Fetching restaurant by ID: 1
2025-06-09T09:16:55.042+05:30  INFO 5544 --- [restaurant] [http-nio-8082-exec-1] c.c.p.r.service.RestaurantServiceImpl    : Fetching restaurant by ID: 1
2025-06-09T09:17:32.457+05:30  INFO 5544 --- [restaurant] [http-nio-8082-exec-9] c.c.p.r.controller.RestaurantController  : Fetching all restaurants...
2025-06-09T09:17:32.457+05:30  INFO 5544 --- [restaurant] [http-nio-8082-exec-9] c.c.p.r.service.RestaurantServiceImpl    : Fetching all restaurants...
2025-06-09T09:17:32.477+05:30  INFO 5544 --- [restaurant] [http-nio-8082-exec-10] c.c.p.r.controller.RestaurantController  : Fetching all restaurants...
2025-06-09T09:17:32.477+05:30  INFO 5544 --- [restaurant] [http-nio-8082-exec-10] c.c.p.r.service.RestaurantServiceImpl    : Fetching all restaurants...
2025-06-09T09:17:43.054+05:30  INFO 5544 --- [restaurant] [http-nio-8082-exec-2] c.c.p.r.controller.RestaurantController  : Fetching all restaurants...
2025-06-09T09:17:43.055+05:30  INFO 5544 --- [restaurant] [http-nio-8082-exec-2] c.c.p.r.service.RestaurantServiceImpl    : Fetching all restaurants...
2025-06-09T09:17:43.077+05:30  INFO 5544 --- [restaurant] [http-nio-8082-exec-3] c.c.p.r.controller.RestaurantController  : Fetching all restaurants...
2025-06-09T09:17:43.077+05:30  INFO 5544 --- [restaurant] [http-nio-8082-exec-3] c.c.p.r.service.RestaurantServiceImpl    : Fetching all restaurants...
2025-06-09T09:18:17.538+05:30  INFO 5544 --- [restaurant] [http-nio-8082-exec-4] c.c.p.r.controller.RestaurantController  : Fetching all restaurants...
2025-06-09T09:18:17.539+05:30  INFO 5544 --- [restaurant] [http-nio-8082-exec-4] c.c.p.r.service.RestaurantServiceImpl    : Fetching all restaurants...
2025-06-09T09:18:17.558+05:30  INFO 5544 --- [restaurant] [http-nio-8082-exec-5] c.c.p.r.controller.RestaurantController  : Fetching all restaurants...
2025-06-09T09:18:17.558+05:30  INFO 5544 --- [restaurant] [http-nio-8082-exec-5] c.c.p.r.service.RestaurantServiceImpl    : Fetching all restaurants...
2025-06-09T09:18:33.730+05:30  INFO 5544 --- [restaurant] [http-nio-8082-exec-6] c.c.p.r.controller.RestaurantController  : Fetching all restaurants...
2025-06-09T09:18:33.730+05:30  INFO 5544 --- [restaurant] [http-nio-8082-exec-6] c.c.p.r.service.RestaurantServiceImpl    : Fetching all restaurants...
2025-06-09T09:18:33.749+05:30  INFO 5544 --- [restaurant] [http-nio-8082-exec-7] c.c.p.r.controller.RestaurantController  : Fetching all restaurants...
2025-06-09T09:18:33.749+05:30  INFO 5544 --- [restaurant] [http-nio-8082-exec-7] c.c.p.r.service.RestaurantServiceImpl    : Fetching all restaurants...
2025-06-09T09:19:05.198+05:30  INFO 5544 --- [restaurant] [http-nio-8082-exec-8] c.c.p.r.controller.RestaurantController  : Fetching restaurant by ID: 1
2025-06-09T09:19:05.198+05:30  INFO 5544 --- [restaurant] [http-nio-8082-exec-8] c.c.p.r.service.RestaurantServiceImpl    : Fetching restaurant by ID: 1
2025-06-09T09:19:05.218+05:30  INFO 5544 --- [restaurant] [http-nio-8082-exec-1] c.c.p.r.controller.RestaurantController  : Fetching restaurant by ID: 1
2025-06-09T09:19:05.219+05:30  INFO 5544 --- [restaurant] [http-nio-8082-exec-1] c.c.p.r.service.RestaurantServiceImpl    : Fetching restaurant by ID: 1
2025-06-09T09:19:05.234+05:30  INFO 5544 --- [restaurant] [http-nio-8082-exec-9] c.c.p.r.controller.RestaurantController  : Fetching restaurant by ID: 1
2025-06-09T09:19:05.234+05:30  INFO 5544 --- [restaurant] [http-nio-8082-exec-9] c.c.p.r.service.RestaurantServiceImpl    : Fetching restaurant by ID: 1
2025-06-09T09:19:29.336+05:30  INFO 5544 --- [restaurant] [AsyncResolver-bootstrap-executor-%d] c.n.d.s.r.aws.ConfigClusterResolver      : Resolving eureka endpoints via configuration
2025-06-09T09:19:51.167+05:30  INFO 5544 --- [restaurant] [http-nio-8082-exec-10] c.c.p.r.controller.RestaurantController  : Fetching restaurant by ID: 1
2025-06-09T09:19:51.167+05:30  INFO 5544 --- [restaurant] [http-nio-8082-exec-10] c.c.p.r.service.RestaurantServiceImpl    : Fetching restaurant by ID: 1
2025-06-09T09:20:20.415+05:30  INFO 5544 --- [restaurant] [http-nio-8082-exec-2] c.c.p.r.controller.RestaurantController  : Fetching restaurant by ID: 1
2025-06-09T09:20:20.416+05:30  INFO 5544 --- [restaurant] [http-nio-8082-exec-2] c.c.p.r.service.RestaurantServiceImpl    : Fetching restaurant by ID: 1
2025-06-09T09:20:24.605+05:30  INFO 5544 --- [restaurant] [http-nio-8082-exec-3] c.c.p.r.controller.RestaurantController  : Fetching restaurant by ID: 1
2025-06-09T09:20:24.606+05:30  INFO 5544 --- [restaurant] [http-nio-8082-exec-3] c.c.p.r.service.RestaurantServiceImpl    : Fetching restaurant by ID: 1
2025-06-09T09:20:25.942+05:30  INFO 5544 --- [restaurant] [http-nio-8082-exec-4] c.c.p.r.controller.RestaurantController  : Fetching restaurant by ID: 1
2025-06-09T09:20:25.942+05:30  INFO 5544 --- [restaurant] [http-nio-8082-exec-4] c.c.p.r.service.RestaurantServiceImpl    : Fetching restaurant by ID: 1
2025-06-09T09:20:28.687+05:30  INFO 5544 --- [restaurant] [http-nio-8082-exec-5] c.c.p.r.controller.RestaurantController  : Fetching restaurant by ID: 1
2025-06-09T09:20:28.687+05:30  INFO 5544 --- [restaurant] [http-nio-8082-exec-5] c.c.p.r.service.RestaurantServiceImpl    : Fetching restaurant by ID: 1
2025-06-09T09:20:31.214+05:30  INFO 5544 --- [restaurant] [http-nio-8082-exec-6] c.c.p.r.controller.RestaurantController  : Fetching all restaurants...
2025-06-09T09:20:31.215+05:30  INFO 5544 --- [restaurant] [http-nio-8082-exec-6] c.c.p.r.service.RestaurantServiceImpl    : Fetching all restaurants...
2025-06-09T09:20:31.233+05:30  INFO 5544 --- [restaurant] [http-nio-8082-exec-7] c.c.p.r.controller.RestaurantController  : Fetching all restaurants...
2025-06-09T09:20:31.234+05:30  INFO 5544 --- [restaurant] [http-nio-8082-exec-7] c.c.p.r.service.RestaurantServiceImpl    : Fetching all restaurants...
2025-06-09T09:20:32.380+05:30  INFO 5544 --- [restaurant] [http-nio-8082-exec-8] c.c.p.r.controller.RestaurantController  : Fetching all restaurants...
2025-06-09T09:20:32.380+05:30  INFO 5544 --- [restaurant] [http-nio-8082-exec-8] c.c.p.r.service.RestaurantServiceImpl    : Fetching all restaurants...
2025-06-09T09:20:32.399+05:30  INFO 5544 --- [restaurant] [http-nio-8082-exec-1] c.c.p.r.controller.RestaurantController  : Fetching all restaurants...
2025-06-09T09:20:32.399+05:30  INFO 5544 --- [restaurant] [http-nio-8082-exec-1] c.c.p.r.service.RestaurantServiceImpl    : Fetching all restaurants...
2025-06-09T09:20:33.542+05:30  INFO 5544 --- [restaurant] [http-nio-8082-exec-9] c.c.p.r.controller.RestaurantController  : Fetching restaurant by ID: 1
2025-06-09T09:20:33.543+05:30  INFO 5544 --- [restaurant] [http-nio-8082-exec-9] c.c.p.r.service.RestaurantServiceImpl    : Fetching restaurant by ID: 1
2025-06-09T09:20:33.563+05:30  INFO 5544 --- [restaurant] [http-nio-8082-exec-10] c.c.p.r.controller.RestaurantController  : Fetching restaurant by ID: 1
2025-06-09T09:20:33.564+05:30  INFO 5544 --- [restaurant] [http-nio-8082-exec-10] c.c.p.r.service.RestaurantServiceImpl    : Fetching restaurant by ID: 1
2025-06-09T09:20:50.156+05:30  INFO 5544 --- [restaurant] [http-nio-8082-exec-2] c.c.p.r.controller.RestaurantController  : Fetching restaurant by ID: 1
2025-06-09T09:20:50.156+05:30  INFO 5544 --- [restaurant] [http-nio-8082-exec-2] c.c.p.r.service.RestaurantServiceImpl    : Fetching restaurant by ID: 1
2025-06-09T09:20:50.178+05:30  INFO 5544 --- [restaurant] [http-nio-8082-exec-3] c.c.p.r.controller.RestaurantController  : Fetching restaurant by ID: 1
2025-06-09T09:20:50.178+05:30  INFO 5544 --- [restaurant] [http-nio-8082-exec-3] c.c.p.r.service.RestaurantServiceImpl    : Fetching restaurant by ID: 1
2025-06-09T09:21:03.472+05:30  INFO 5544 --- [restaurant] [http-nio-8082-exec-4] c.c.p.r.controller.RestaurantController  : Fetching restaurant by ID: 1
2025-06-09T09:21:03.473+05:30  INFO 5544 --- [restaurant] [http-nio-8082-exec-4] c.c.p.r.service.RestaurantServiceImpl    : Fetching restaurant by ID: 1
2025-06-09T09:21:05.484+05:30  INFO 5544 --- [restaurant] [http-nio-8082-exec-5] c.c.p.r.controller.RestaurantController  : Fetching restaurant by ID: 1
2025-06-09T09:21:05.484+05:30  INFO 5544 --- [restaurant] [http-nio-8082-exec-5] c.c.p.r.service.RestaurantServiceImpl    : Fetching restaurant by ID: 1
2025-06-09T09:21:06.131+05:30  INFO 5544 --- [restaurant] [http-nio-8082-exec-6] c.c.p.r.controller.RestaurantController  : Fetching restaurant by ID: 1
2025-06-09T09:21:06.131+05:30  INFO 5544 --- [restaurant] [http-nio-8082-exec-6] c.c.p.r.service.RestaurantServiceImpl    : Fetching restaurant by ID: 1
2025-06-09T09:21:08.294+05:30  INFO 5544 --- [restaurant] [http-nio-8082-exec-7] c.c.p.r.controller.RestaurantController  : Fetching restaurant by ID: 1
2025-06-09T09:21:08.294+05:30  INFO 5544 --- [restaurant] [http-nio-8082-exec-7] c.c.p.r.service.RestaurantServiceImpl    : Fetching restaurant by ID: 1
2025-06-09T09:21:10.905+05:30  INFO 5544 --- [restaurant] [http-nio-8082-exec-8] c.c.p.r.controller.RestaurantController  : Fetching restaurant by ID: 1
2025-06-09T09:21:10.906+05:30  INFO 5544 --- [restaurant] [http-nio-8082-exec-8] c.c.p.r.service.RestaurantServiceImpl    : Fetching restaurant by ID: 1
2025-06-09T09:21:10.922+05:30  INFO 5544 --- [restaurant] [http-nio-8082-exec-1] c.c.p.r.controller.RestaurantController  : Fetching restaurant by ID: 1
2025-06-09T09:21:10.922+05:30  INFO 5544 --- [restaurant] [http-nio-8082-exec-1] c.c.p.r.service.RestaurantServiceImpl    : Fetching restaurant by ID: 1
2025-06-09T09:21:16.070+05:30  INFO 5544 --- [restaurant] [http-nio-8082-exec-9] c.c.p.r.controller.RestaurantController  : Fetching restaurant by ID: 1
2025-06-09T09:21:16.071+05:30  INFO 5544 --- [restaurant] [http-nio-8082-exec-9] c.c.p.r.service.RestaurantServiceImpl    : Fetching restaurant by ID: 1
2025-06-09T09:21:16.090+05:30  INFO 5544 --- [restaurant] [http-nio-8082-exec-10] c.c.p.r.controller.RestaurantController  : Fetching restaurant by ID: 1
2025-06-09T09:21:16.091+05:30  INFO 5544 --- [restaurant] [http-nio-8082-exec-10] c.c.p.r.service.RestaurantServiceImpl    : Fetching restaurant by ID: 1
2025-06-09T09:21:27.531+05:30  INFO 5544 --- [restaurant] [http-nio-8082-exec-2] c.c.p.r.controller.RestaurantController  : Fetching restaurant by ID: 1
2025-06-09T09:21:27.531+05:30  INFO 5544 --- [restaurant] [http-nio-8082-exec-2] c.c.p.r.service.RestaurantServiceImpl    : Fetching restaurant by ID: 1
2025-06-09T09:21:27.546+05:30  INFO 5544 --- [restaurant] [http-nio-8082-exec-3] c.c.p.r.controller.RestaurantController  : Fetching restaurant by ID: 1
2025-06-09T09:21:27.546+05:30  INFO 5544 --- [restaurant] [http-nio-8082-exec-3] c.c.p.r.service.RestaurantServiceImpl    : Fetching restaurant by ID: 1
2025-06-09T09:22:05.499+05:30  INFO 5544 --- [restaurant] [http-nio-8082-exec-4] c.c.p.r.controller.RestaurantController  : Fetching restaurant by ID: 1
2025-06-09T09:22:05.499+05:30  INFO 5544 --- [restaurant] [http-nio-8082-exec-4] c.c.p.r.service.RestaurantServiceImpl    : Fetching restaurant by ID: 1
2025-06-09T09:22:05.514+05:30  INFO 5544 --- [restaurant] [http-nio-8082-exec-5] c.c.p.r.controller.RestaurantController  : Fetching restaurant by ID: 1
2025-06-09T09:22:05.514+05:30  INFO 5544 --- [restaurant] [http-nio-8082-exec-5] c.c.p.r.service.RestaurantServiceImpl    : Fetching restaurant by ID: 1
2025-06-09T09:22:15.926+05:30  INFO 5544 --- [restaurant] [http-nio-8082-exec-6] c.c.p.r.controller.RestaurantController  : Fetching all restaurants...
2025-06-09T09:22:15.927+05:30  INFO 5544 --- [restaurant] [http-nio-8082-exec-6] c.c.p.r.service.RestaurantServiceImpl    : Fetching all restaurants...
2025-06-09T09:22:15.945+05:30  INFO 5544 --- [restaurant] [http-nio-8082-exec-7] c.c.p.r.controller.RestaurantController  : Fetching all restaurants...
2025-06-09T09:22:15.945+05:30  INFO 5544 --- [restaurant] [http-nio-8082-exec-7] c.c.p.r.service.RestaurantServiceImpl    : Fetching all restaurants...
2025-06-09T09:24:26.313+05:30  INFO 5544 --- [restaurant] [http-nio-8082-exec-1] c.c.p.r.controller.RestaurantController  : Fetching restaurant by ID: 1
2025-06-09T09:24:26.313+05:30  INFO 5544 --- [restaurant] [http-nio-8082-exec-1] c.c.p.r.service.RestaurantServiceImpl    : Fetching restaurant by ID: 1
2025-06-09T09:24:26.336+05:30  INFO 5544 --- [restaurant] [http-nio-8082-exec-9] c.c.p.r.controller.RestaurantController  : Fetching restaurant by ID: 1
2025-06-09T09:24:26.336+05:30  INFO 5544 --- [restaurant] [http-nio-8082-exec-9] c.c.p.r.service.RestaurantServiceImpl    : Fetching restaurant by ID: 1
2025-06-09T09:24:28.739+05:30  INFO 5544 --- [restaurant] [http-nio-8082-exec-10] c.c.p.r.controller.RestaurantController  : Fetching all restaurants...
2025-06-09T09:24:28.739+05:30  INFO 5544 --- [restaurant] [http-nio-8082-exec-10] c.c.p.r.service.RestaurantServiceImpl    : Fetching all restaurants...
2025-06-09T09:24:28.761+05:30  INFO 5544 --- [restaurant] [http-nio-8082-exec-2] c.c.p.r.controller.RestaurantController  : Fetching all restaurants...
2025-06-09T09:24:28.761+05:30  INFO 5544 --- [restaurant] [http-nio-8082-exec-2] c.c.p.r.service.RestaurantServiceImpl    : Fetching all restaurants...
2025-06-09T09:24:29.352+05:30  INFO 5544 --- [restaurant] [AsyncResolver-bootstrap-executor-%d] c.n.d.s.r.aws.ConfigClusterResolver      : Resolving eureka endpoints via configuration
2025-06-09T09:24:37.158+05:30  INFO 5544 --- [restaurant] [http-nio-8082-exec-3] c.c.p.r.controller.RestaurantController  : Fetching restaurant by ID: 1
2025-06-09T09:24:37.158+05:30  INFO 5544 --- [restaurant] [http-nio-8082-exec-3] c.c.p.r.service.RestaurantServiceImpl    : Fetching restaurant by ID: 1
2025-06-09T09:24:37.173+05:30  INFO 5544 --- [restaurant] [http-nio-8082-exec-4] c.c.p.r.controller.RestaurantController  : Fetching restaurant by ID: 1
2025-06-09T09:24:37.173+05:30  INFO 5544 --- [restaurant] [http-nio-8082-exec-4] c.c.p.r.service.RestaurantServiceImpl    : Fetching restaurant by ID: 1
2025-06-09T09:24:59.783+05:30  INFO 5544 --- [restaurant] [http-nio-8082-exec-5] c.c.p.r.controller.RestaurantController  : Fetching restaurant by ID: 1
2025-06-09T09:24:59.783+05:30  INFO 5544 --- [restaurant] [http-nio-8082-exec-5] c.c.p.r.service.RestaurantServiceImpl    : Fetching restaurant by ID: 1
2025-06-09T09:24:59.802+05:30  INFO 5544 --- [restaurant] [http-nio-8082-exec-6] c.c.p.r.controller.RestaurantController  : Fetching restaurant by ID: 1
2025-06-09T09:24:59.802+05:30  INFO 5544 --- [restaurant] [http-nio-8082-exec-6] c.c.p.r.service.RestaurantServiceImpl    : Fetching restaurant by ID: 1
2025-06-09T09:25:18.360+05:30  INFO 5544 --- [restaurant] [http-nio-8082-exec-7] c.c.p.r.controller.RestaurantController  : Fetching restaurant by ID: 1
2025-06-09T09:25:18.360+05:30  INFO 5544 --- [restaurant] [http-nio-8082-exec-7] c.c.p.r.service.RestaurantServiceImpl    : Fetching restaurant by ID: 1
2025-06-09T09:25:18.375+05:30  INFO 5544 --- [restaurant] [http-nio-8082-exec-8] c.c.p.r.controller.RestaurantController  : Fetching restaurant by ID: 1
2025-06-09T09:25:18.375+05:30  INFO 5544 --- [restaurant] [http-nio-8082-exec-8] c.c.p.r.service.RestaurantServiceImpl    : Fetching restaurant by ID: 1
2025-06-09T09:25:18.391+05:30  INFO 5544 --- [restaurant] [http-nio-8082-exec-1] c.c.p.r.controller.RestaurantController  : Fetching restaurant by ID: 1
2025-06-09T09:25:18.391+05:30  INFO 5544 --- [restaurant] [http-nio-8082-exec-1] c.c.p.r.service.RestaurantServiceImpl    : Fetching restaurant by ID: 1
2025-06-09T09:25:27.326+05:30  INFO 5544 --- [restaurant] [http-nio-8082-exec-9] c.c.p.r.controller.RestaurantController  : Fetching all restaurants...
2025-06-09T09:25:27.326+05:30  INFO 5544 --- [restaurant] [http-nio-8082-exec-9] c.c.p.r.service.RestaurantServiceImpl    : Fetching all restaurants...
2025-06-09T09:25:27.350+05:30  INFO 5544 --- [restaurant] [http-nio-8082-exec-10] c.c.p.r.controller.RestaurantController  : Fetching all restaurants...
2025-06-09T09:25:27.351+05:30  INFO 5544 --- [restaurant] [http-nio-8082-exec-10] c.c.p.r.service.RestaurantServiceImpl    : Fetching all restaurants...
2025-06-09T09:25:59.000+05:30  INFO 5544 --- [restaurant] [http-nio-8082-exec-2] c.c.p.r.controller.RestaurantController  : Fetching all restaurants...
2025-06-09T09:25:59.000+05:30  INFO 5544 --- [restaurant] [http-nio-8082-exec-2] c.c.p.r.service.RestaurantServiceImpl    : Fetching all restaurants...
2025-06-09T09:25:59.016+05:30  INFO 5544 --- [restaurant] [http-nio-8082-exec-3] c.c.p.r.controller.RestaurantController  : Fetching all restaurants...
2025-06-09T09:25:59.016+05:30  INFO 5544 --- [restaurant] [http-nio-8082-exec-3] c.c.p.r.service.RestaurantServiceImpl    : Fetching all restaurants...
2025-06-09T10:57:35.520+05:30  INFO 14508 --- [restaurant] [restartedMain] c.c.p.restaurant.RestaurantApplication   : Starting RestaurantApplication using Java 21.0.5 with PID 14508 (C:\Users\2400668\Desktop\OFds\-Online-Food-Delivery-System\restaurant\restaurant\target\classes started by 2400668 in C:\Users\2400668\Desktop\OFds\-Online-Food-Delivery-System\restaurant\restaurant)
2025-06-09T10:57:35.524+05:30  INFO 14508 --- [restaurant] [restartedMain] c.c.p.restaurant.RestaurantApplication   : No active profile set, falling back to 1 default profile: "default"
2025-06-09T10:57:35.616+05:30  INFO 14508 --- [restaurant] [restartedMain] o.s.c.c.c.ConfigServerConfigDataLoader   : Fetching config from server at : http://localhost:8888
2025-06-09T10:57:35.616+05:30  INFO 14508 --- [restaurant] [restartedMain] o.s.c.c.c.ConfigServerConfigDataLoader   : Located environment: name=restaurant, profiles=[default], label=null, version=582d89f912a1b5742ba5431ceb7a356b63cdf067, state=
2025-06-09T10:57:35.621+05:30  INFO 14508 --- [restaurant] [restartedMain] .e.DevToolsPropertyDefaultsPostProcessor : Devtools property defaults active! Set 'spring.devtools.add-properties' to 'false' to disable
2025-06-09T10:57:35.622+05:30  INFO 14508 --- [restaurant] [restartedMain] .e.DevToolsPropertyDefaultsPostProcessor : For additional web related logging consider setting the 'logging.level.web' property to 'DEBUG'
2025-06-09T10:57:37.662+05:30  INFO 14508 --- [restaurant] [restartedMain] .s.d.r.c.RepositoryConfigurationDelegate : Bootstrapping Spring Data JPA repositories in DEFAULT mode.
2025-06-09T10:57:37.836+05:30  INFO 14508 --- [restaurant] [restartedMain] .s.d.r.c.RepositoryConfigurationDelegate : Finished Spring Data repository scanning in 158 ms. Found 1 JPA repository interface.
2025-06-09T10:57:38.261+05:30  INFO 14508 --- [restaurant] [restartedMain] o.s.cloud.context.scope.GenericScope     : BeanFactory id=c41eacea-f4bf-3fad-805d-c57c96b6d7ad
2025-06-09T10:57:39.663+05:30  INFO 14508 --- [restaurant] [restartedMain] o.s.b.w.embedded.tomcat.TomcatWebServer  : Tomcat initialized with port 8082 (http)
2025-06-09T10:57:39.688+05:30  INFO 14508 --- [restaurant] [restartedMain] o.apache.catalina.core.StandardService   : Starting service [Tomcat]
2025-06-09T10:57:39.689+05:30  INFO 14508 --- [restaurant] [restartedMain] o.apache.catalina.core.StandardEngine    : Starting Servlet engine: [Apache Tomcat/10.1.40]
2025-06-09T10:57:39.796+05:30  INFO 14508 --- [restaurant] [restartedMain] o.a.c.c.C.[Tomcat].[localhost].[/]       : Initializing Spring embedded WebApplicationContext
2025-06-09T10:57:39.797+05:30  INFO 14508 --- [restaurant] [restartedMain] w.s.c.ServletWebServerApplicationContext : Root WebApplicationContext: initialization completed in 4174 ms
2025-06-09T10:57:40.762+05:30  INFO 14508 --- [restaurant] [restartedMain] o.hibernate.jpa.internal.util.LogHelper  : HHH000204: Processing PersistenceUnitInfo [name: default]
2025-06-09T10:57:40.943+05:30  INFO 14508 --- [restaurant] [restartedMain] org.hibernate.Version                    : HHH000412: Hibernate ORM core version 6.6.13.Final
2025-06-09T10:57:41.039+05:30  INFO 14508 --- [restaurant] [restartedMain] o.h.c.internal.RegionFactoryInitiator    : HHH000026: Second-level cache disabled
2025-06-09T10:57:41.553+05:30  INFO 14508 --- [restaurant] [restartedMain] o.s.o.j.p.SpringPersistenceUnitInfo      : No LoadTimeWeaver setup: ignoring JPA class transformer
2025-06-09T10:57:41.619+05:30  INFO 14508 --- [restaurant] [restartedMain] com.zaxxer.hikari.HikariDataSource       : HikariPool-1 - Starting...
2025-06-09T10:57:42.082+05:30  INFO 14508 --- [restaurant] [restartedMain] com.zaxxer.hikari.pool.HikariPool        : HikariPool-1 - Added connection com.mysql.cj.jdbc.ConnectionImpl@1220669a
2025-06-09T10:57:42.087+05:30  INFO 14508 --- [restaurant] [restartedMain] com.zaxxer.hikari.HikariDataSource       : HikariPool-1 - Start completed.
2025-06-09T10:57:42.177+05:30  WARN 14508 --- [restaurant] [restartedMain] org.hibernate.orm.deprecation            : HHH90000025: MySQLDialect does not need to be specified explicitly using 'hibernate.dialect' (remove the property setting and it will be selected by default)
2025-06-09T10:57:42.212+05:30  INFO 14508 --- [restaurant] [restartedMain] org.hibernate.orm.connections.pooling    : HHH10001005: Database info:
	Database JDBC URL [Connecting through datasource 'HikariDataSource (HikariPool-1)']
	Database driver: undefined/unknown
	Database version: 8.0.41
	Autocommit mode: undefined/unknown
	Isolation level: undefined/unknown
	Minimum pool size: undefined/unknown
	Maximum pool size: undefined/unknown
2025-06-09T10:57:43.638+05:30  INFO 14508 --- [restaurant] [restartedMain] o.h.e.t.j.p.i.JtaPlatformInitiator       : HHH000489: No JTA platform available (set 'hibernate.transaction.jta.platform' to enable JTA platform integration)
2025-06-09T10:57:43.797+05:30  INFO 14508 --- [restaurant] [restartedMain] j.LocalContainerEntityManagerFactoryBean : Initialized JPA EntityManagerFactory for persistence unit 'default'
2025-06-09T10:57:44.655+05:30  WARN 14508 --- [restaurant] [restartedMain] JpaBaseConfiguration$JpaWebConfiguration : spring.jpa.open-in-view is enabled by default. Therefore, database queries may be performed during view rendering. Explicitly configure spring.jpa.open-in-view to disable this warning
2025-06-09T10:57:44.735+05:30  WARN 14508 --- [restaurant] [restartedMain] o.s.b.d.a.OptionalLiveReloadServer       : Unable to start LiveReload server
2025-06-09T10:57:44.858+05:30  INFO 14508 --- [restaurant] [restartedMain] o.s.c.openfeign.FeignClientFactoryBean   : For 'menuItems' URL not provided. Will try picking an instance via load-balancing.
2025-06-09T10:57:47.127+05:30  INFO 14508 --- [restaurant] [restartedMain] DiscoveryClientOptionalArgsConfiguration : Eureka HTTP Client uses RestTemplate.
2025-06-09T10:57:47.203+05:30  WARN 14508 --- [restaurant] [restartedMain] iguration$LoadBalancerCaffeineWarnLogger : Spring Cloud LoadBalancer is currently working with the default cache. While this cache implementation is useful for development and tests, it's recommended to use Caffeine cache in production.You can switch to using Caffeine cache, by adding it and org.springframework.cache.caffeine.CaffeineCacheManager to the classpath.
2025-06-09T10:57:47.238+05:30  INFO 14508 --- [restaurant] [restartedMain] o.s.b.a.e.web.EndpointLinksResolver      : Exposing 18 endpoints beneath base path '/actuator'
2025-06-09T10:57:47.392+05:30  INFO 14508 --- [restaurant] [restartedMain] o.s.c.n.eureka.InstanceInfoFactory       : Setting initial instance status as: STARTING
2025-06-09T10:57:47.464+05:30  INFO 14508 --- [restaurant] [restartedMain] com.netflix.discovery.DiscoveryClient    : Initializing Eureka in region us-east-1
2025-06-09T10:57:47.471+05:30  INFO 14508 --- [restaurant] [restartedMain] c.n.d.s.r.aws.ConfigClusterResolver      : Resolving eureka endpoints via configuration
2025-06-09T10:57:47.490+05:30  INFO 14508 --- [restaurant] [restartedMain] com.netflix.discovery.DiscoveryClient    : Disable delta property : false
2025-06-09T10:57:47.490+05:30  INFO 14508 --- [restaurant] [restartedMain] com.netflix.discovery.DiscoveryClient    : Single vip registry refresh property : null
2025-06-09T10:57:47.491+05:30  INFO 14508 --- [restaurant] [restartedMain] com.netflix.discovery.DiscoveryClient    : Force full registry fetch : false
2025-06-09T10:57:47.491+05:30  INFO 14508 --- [restaurant] [restartedMain] com.netflix.discovery.DiscoveryClient    : Application is null : false
2025-06-09T10:57:47.491+05:30  INFO 14508 --- [restaurant] [restartedMain] com.netflix.discovery.DiscoveryClient    : Registered Applications size is zero : true
2025-06-09T10:57:47.492+05:30  INFO 14508 --- [restaurant] [restartedMain] com.netflix.discovery.DiscoveryClient    : Application version is -1: true
2025-06-09T10:57:47.492+05:30  INFO 14508 --- [restaurant] [restartedMain] com.netflix.discovery.DiscoveryClient    : Getting all instance registry info from the eureka server
2025-06-09T10:57:48.030+05:30  INFO 14508 --- [restaurant] [restartedMain] com.netflix.discovery.DiscoveryClient    : The response status is 200
2025-06-09T10:57:48.036+05:30  INFO 14508 --- [restaurant] [restartedMain] com.netflix.discovery.DiscoveryClient    : Starting heartbeat executor: renew interval is: 30
2025-06-09T10:57:48.040+05:30  INFO 14508 --- [restaurant] [restartedMain] c.n.discovery.InstanceInfoReplicator     : InstanceInfoReplicator onDemand update allowed rate per min is 4
2025-06-09T10:57:48.044+05:30  INFO 14508 --- [restaurant] [restartedMain] com.netflix.discovery.DiscoveryClient    : Discovery Client initialized at timestamp 1749446868043 with initial instances count: 1
2025-06-09T10:57:48.053+05:30  INFO 14508 --- [restaurant] [restartedMain] o.s.c.n.e.s.EurekaServiceRegistry        : Registering application RESTAURANT with eureka with status UP
2025-06-09T10:57:48.054+05:30  INFO 14508 --- [restaurant] [restartedMain] com.netflix.discovery.DiscoveryClient    : Saw local status change event StatusChangeEvent [timestamp=1749446868054, current=UP, previous=STARTING]
2025-06-09T10:57:48.060+05:30  INFO 14508 --- [restaurant] [DiscoveryClient-InstanceInfoReplicator-%d] com.netflix.discovery.DiscoveryClient    : DiscoveryClient_RESTAURANT/LTIN603865.cts.com:restaurant:8082: registering service...
2025-06-09T10:57:48.107+05:30  INFO 14508 --- [restaurant] [restartedMain] o.s.b.w.embedded.tomcat.TomcatWebServer  : Tomcat started on port 8082 (http) with context path '/'
2025-06-09T10:57:48.109+05:30  INFO 14508 --- [restaurant] [restartedMain] .s.c.n.e.s.EurekaAutoServiceRegistration : Updating port to 8082
2025-06-09T10:57:48.146+05:30  INFO 14508 --- [restaurant] [restartedMain] c.c.p.restaurant.RestaurantApplication   : Started RestaurantApplication in 14.947 seconds (process running for 16.137)
2025-06-09T10:57:48.162+05:30  INFO 14508 --- [restaurant] [DiscoveryClient-InstanceInfoReplicator-%d] com.netflix.discovery.DiscoveryClient    : DiscoveryClient_RESTAURANT/LTIN603865.cts.com:restaurant:8082 - registration status: 204
2025-06-09T11:02:47.500+05:30  INFO 14508 --- [restaurant] [AsyncResolver-bootstrap-executor-%d] c.n.d.s.r.aws.ConfigClusterResolver      : Resolving eureka endpoints via configuration
2025-06-09T11:07:47.512+05:30  INFO 14508 --- [restaurant] [AsyncResolver-bootstrap-executor-%d] c.n.d.s.r.aws.ConfigClusterResolver      : Resolving eureka endpoints via configuration
2025-06-09T11:47:23.891+05:30  WARN 14508 --- [restaurant] [HikariPool-1 housekeeper] com.zaxxer.hikari.pool.HikariPool        : HikariPool-1 - Thread starvation or clock leap detected (housekeeper delta=38m50s680ms964µs200ns).
2025-06-09T11:50:59.019+05:30  INFO 14508 --- [restaurant] [AsyncResolver-bootstrap-executor-%d] c.n.d.s.r.aws.ConfigClusterResolver      : Resolving eureka endpoints via configuration
2025-06-09T11:55:59.022+05:30  INFO 14508 --- [restaurant] [AsyncResolver-bootstrap-executor-%d] c.n.d.s.r.aws.ConfigClusterResolver      : Resolving eureka endpoints via configuration
2025-06-09T12:00:59.033+05:30  INFO 14508 --- [restaurant] [AsyncResolver-bootstrap-executor-%d] c.n.d.s.r.aws.ConfigClusterResolver      : Resolving eureka endpoints via configuration
2025-06-09T12:05:49.365+05:30  WARN 14508 --- [restaurant] [HikariPool-1 housekeeper] com.zaxxer.hikari.pool.HikariPool        : HikariPool-1 - Thread starvation or clock leap detected (housekeeper delta=2m54s236ms591µs200ns).
2025-06-09T12:08:24.289+05:30  INFO 14508 --- [restaurant] [AsyncResolver-bootstrap-executor-%d] c.n.d.s.r.aws.ConfigClusterResolver      : Resolving eureka endpoints via configuration
2025-06-09T12:13:24.293+05:30  INFO 14508 --- [restaurant] [AsyncResolver-bootstrap-executor-%d] c.n.d.s.r.aws.ConfigClusterResolver      : Resolving eureka endpoints via configuration
2025-06-09T12:23:33.793+05:30  WARN 14508 --- [restaurant] [HikariPool-1 housekeeper] com.zaxxer.hikari.pool.HikariPool        : HikariPool-1 - Thread starvation or clock leap detected (housekeeper delta=9m14s262ms670µs300ns).
2025-06-09T12:27:08.562+05:30  INFO 14508 --- [restaurant] [AsyncResolver-bootstrap-executor-%d] c.n.d.s.r.aws.ConfigClusterResolver      : Resolving eureka endpoints via configuration
2025-06-09T12:32:08.577+05:30  INFO 14508 --- [restaurant] [AsyncResolver-bootstrap-executor-%d] c.n.d.s.r.aws.ConfigClusterResolver      : Resolving eureka endpoints via configuration
2025-06-09T12:37:08.580+05:30  INFO 14508 --- [restaurant] [AsyncResolver-bootstrap-executor-%d] c.n.d.s.r.aws.ConfigClusterResolver      : Resolving eureka endpoints via configuration
2025-06-09T12:42:08.593+05:30  INFO 14508 --- [restaurant] [AsyncResolver-bootstrap-executor-%d] c.n.d.s.r.aws.ConfigClusterResolver      : Resolving eureka endpoints via configuration
2025-06-09T12:47:08.598+05:30  INFO 14508 --- [restaurant] [AsyncResolver-bootstrap-executor-%d] c.n.d.s.r.aws.ConfigClusterResolver      : Resolving eureka endpoints via configuration
2025-06-09T14:01:27.702+05:30  WARN 14508 --- [restaurant] [HikariPool-1 housekeeper] com.zaxxer.hikari.pool.HikariPool        : HikariPool-1 - Thread starvation or clock leap detected (housekeeper delta=1h10m23s506ms128µs600ns).
2025-06-09T14:02:02.099+05:30  INFO 14508 --- [restaurant] [AsyncResolver-bootstrap-executor-%d] c.n.d.s.r.aws.ConfigClusterResolver      : Resolving eureka endpoints via configuration
2025-06-09T14:07:02.103+05:30  INFO 14508 --- [restaurant] [AsyncResolver-bootstrap-executor-%d] c.n.d.s.r.aws.ConfigClusterResolver      : Resolving eureka endpoints via configuration
2025-06-09T14:12:02.115+05:30  INFO 14508 --- [restaurant] [AsyncResolver-bootstrap-executor-%d] c.n.d.s.r.aws.ConfigClusterResolver      : Resolving eureka endpoints via configuration
2025-06-09T14:17:02.129+05:30  INFO 14508 --- [restaurant] [AsyncResolver-bootstrap-executor-%d] c.n.d.s.r.aws.ConfigClusterResolver      : Resolving eureka endpoints via configuration
2025-06-09T14:22:02.142+05:30  INFO 14508 --- [restaurant] [AsyncResolver-bootstrap-executor-%d] c.n.d.s.r.aws.ConfigClusterResolver      : Resolving eureka endpoints via configuration
2025-06-09T14:27:02.151+05:30  INFO 14508 --- [restaurant] [AsyncResolver-bootstrap-executor-%d] c.n.d.s.r.aws.ConfigClusterResolver      : Resolving eureka endpoints via configuration
2025-06-09T14:32:02.167+05:30  INFO 14508 --- [restaurant] [AsyncResolver-bootstrap-executor-%d] c.n.d.s.r.aws.ConfigClusterResolver      : Resolving eureka endpoints via configuration
2025-06-09T14:37:02.179+05:30  INFO 14508 --- [restaurant] [AsyncResolver-bootstrap-executor-%d] c.n.d.s.r.aws.ConfigClusterResolver      : Resolving eureka endpoints via configuration
2025-06-09T14:38:54.913+05:30  INFO 18064 --- [restaurant] [restartedMain] c.c.p.restaurant.RestaurantApplication   : Starting RestaurantApplication using Java 21.0.5 with PID 18064 (C:\Users\2400668\Desktop\OFds\-Online-Food-Delivery-System\restaurant\restaurant\target\classes started by 2400668 in C:\Users\2400668\Desktop\OFds\-Online-Food-Delivery-System\restaurant\restaurant)
2025-06-09T14:38:54.918+05:30  INFO 18064 --- [restaurant] [restartedMain] c.c.p.restaurant.RestaurantApplication   : No active profile set, falling back to 1 default profile: "default"
2025-06-09T14:38:55.010+05:30  INFO 18064 --- [restaurant] [restartedMain] o.s.c.c.c.ConfigServerConfigDataLoader   : Fetching config from server at : http://localhost:8888
2025-06-09T14:38:55.011+05:30  INFO 18064 --- [restaurant] [restartedMain] o.s.c.c.c.ConfigServerConfigDataLoader   : Located environment: name=restaurant, profiles=[default], label=null, version=c81f6bde933fdfde4ba433f60022f56113bf7d25, state=
2025-06-09T14:38:55.014+05:30  INFO 18064 --- [restaurant] [restartedMain] .e.DevToolsPropertyDefaultsPostProcessor : Devtools property defaults active! Set 'spring.devtools.add-properties' to 'false' to disable
2025-06-09T14:38:55.015+05:30  INFO 18064 --- [restaurant] [restartedMain] .e.DevToolsPropertyDefaultsPostProcessor : For additional web related logging consider setting the 'logging.level.web' property to 'DEBUG'
2025-06-09T14:38:56.769+05:30  INFO 18064 --- [restaurant] [restartedMain] .s.d.r.c.RepositoryConfigurationDelegate : Bootstrapping Spring Data JPA repositories in DEFAULT mode.
2025-06-09T14:38:56.929+05:30  INFO 18064 --- [restaurant] [restartedMain] .s.d.r.c.RepositoryConfigurationDelegate : Finished Spring Data repository scanning in 143 ms. Found 1 JPA repository interface.
2025-06-09T14:38:57.245+05:30  INFO 18064 --- [restaurant] [restartedMain] o.s.cloud.context.scope.GenericScope     : BeanFactory id=c41eacea-f4bf-3fad-805d-c57c96b6d7ad
2025-06-09T14:38:58.481+05:30  INFO 18064 --- [restaurant] [restartedMain] o.s.b.w.embedded.tomcat.TomcatWebServer  : Tomcat initialized with port 8082 (http)
2025-06-09T14:38:58.509+05:30  INFO 18064 --- [restaurant] [restartedMain] o.apache.catalina.core.StandardService   : Starting service [Tomcat]
2025-06-09T14:38:58.510+05:30  INFO 18064 --- [restaurant] [restartedMain] o.apache.catalina.core.StandardEngine    : Starting Servlet engine: [Apache Tomcat/10.1.40]
2025-06-09T14:38:58.617+05:30  INFO 18064 --- [restaurant] [restartedMain] o.a.c.c.C.[Tomcat].[localhost].[/]       : Initializing Spring embedded WebApplicationContext
2025-06-09T14:38:58.618+05:30  INFO 18064 --- [restaurant] [restartedMain] w.s.c.ServletWebServerApplicationContext : Root WebApplicationContext: initialization completed in 3602 ms
2025-06-09T14:38:59.534+05:30  INFO 18064 --- [restaurant] [restartedMain] o.hibernate.jpa.internal.util.LogHelper  : HHH000204: Processing PersistenceUnitInfo [name: default]
2025-06-09T14:38:59.685+05:30  INFO 18064 --- [restaurant] [restartedMain] org.hibernate.Version                    : HHH000412: Hibernate ORM core version 6.6.13.Final
2025-06-09T14:38:59.799+05:30  INFO 18064 --- [restaurant] [restartedMain] o.h.c.internal.RegionFactoryInitiator    : HHH000026: Second-level cache disabled
2025-06-09T14:39:00.341+05:30  INFO 18064 --- [restaurant] [restartedMain] o.s.o.j.p.SpringPersistenceUnitInfo      : No LoadTimeWeaver setup: ignoring JPA class transformer
2025-06-09T14:39:00.397+05:30  INFO 18064 --- [restaurant] [restartedMain] com.zaxxer.hikari.HikariDataSource       : HikariPool-1 - Starting...
2025-06-09T14:39:00.772+05:30  INFO 18064 --- [restaurant] [restartedMain] com.zaxxer.hikari.pool.HikariPool        : HikariPool-1 - Added connection com.mysql.cj.jdbc.ConnectionImpl@2bed36d2
2025-06-09T14:39:00.798+05:30  INFO 18064 --- [restaurant] [restartedMain] com.zaxxer.hikari.HikariDataSource       : HikariPool-1 - Start completed.
2025-06-09T14:39:00.848+05:30  WARN 18064 --- [restaurant] [restartedMain] org.hibernate.orm.deprecation            : HHH90000025: MySQLDialect does not need to be specified explicitly using 'hibernate.dialect' (remove the property setting and it will be selected by default)
2025-06-09T14:39:00.867+05:30  INFO 18064 --- [restaurant] [restartedMain] org.hibernate.orm.connections.pooling    : HHH10001005: Database info:
	Database JDBC URL [Connecting through datasource 'HikariDataSource (HikariPool-1)']
	Database driver: undefined/unknown
	Database version: 8.0.41
	Autocommit mode: undefined/unknown
	Isolation level: undefined/unknown
	Minimum pool size: undefined/unknown
	Maximum pool size: undefined/unknown
2025-06-09T14:39:01.862+05:30  INFO 18064 --- [restaurant] [restartedMain] o.h.e.t.j.p.i.JtaPlatformInitiator       : HHH000489: No JTA platform available (set 'hibernate.transaction.jta.platform' to enable JTA platform integration)
2025-06-09T14:39:01.923+05:30  INFO 18064 --- [restaurant] [restartedMain] j.LocalContainerEntityManagerFactoryBean : Initialized JPA EntityManagerFactory for persistence unit 'default'
2025-06-09T14:39:02.655+05:30  WARN 18064 --- [restaurant] [restartedMain] JpaBaseConfiguration$JpaWebConfiguration : spring.jpa.open-in-view is enabled by default. Therefore, database queries may be performed during view rendering. Explicitly configure spring.jpa.open-in-view to disable this warning
2025-06-09T14:39:02.763+05:30  WARN 18064 --- [restaurant] [restartedMain] o.s.b.d.a.OptionalLiveReloadServer       : Unable to start LiveReload server
2025-06-09T14:39:02.849+05:30  INFO 18064 --- [restaurant] [restartedMain] o.s.c.openfeign.FeignClientFactoryBean   : For 'menuItems' URL not provided. Will try picking an instance via load-balancing.
2025-06-09T14:39:04.449+05:30  INFO 18064 --- [restaurant] [restartedMain] DiscoveryClientOptionalArgsConfiguration : Eureka HTTP Client uses RestTemplate.
2025-06-09T14:39:04.523+05:30  WARN 18064 --- [restaurant] [restartedMain] iguration$LoadBalancerCaffeineWarnLogger : Spring Cloud LoadBalancer is currently working with the default cache. While this cache implementation is useful for development and tests, it's recommended to use Caffeine cache in production.You can switch to using Caffeine cache, by adding it and org.springframework.cache.caffeine.CaffeineCacheManager to the classpath.
2025-06-09T14:39:04.554+05:30  INFO 18064 --- [restaurant] [restartedMain] o.s.b.a.e.web.EndpointLinksResolver      : Exposing 18 endpoints beneath base path '/actuator'
2025-06-09T14:39:04.649+05:30  INFO 18064 --- [restaurant] [restartedMain] o.s.c.n.eureka.InstanceInfoFactory       : Setting initial instance status as: STARTING
2025-06-09T14:39:04.675+05:30  INFO 18064 --- [restaurant] [restartedMain] com.netflix.discovery.DiscoveryClient    : Initializing Eureka in region us-east-1
2025-06-09T14:39:04.679+05:30  INFO 18064 --- [restaurant] [restartedMain] c.n.d.s.r.aws.ConfigClusterResolver      : Resolving eureka endpoints via configuration
2025-06-09T14:39:04.691+05:30  INFO 18064 --- [restaurant] [restartedMain] com.netflix.discovery.DiscoveryClient    : Disable delta property : false
2025-06-09T14:39:04.692+05:30  INFO 18064 --- [restaurant] [restartedMain] com.netflix.discovery.DiscoveryClient    : Single vip registry refresh property : null
2025-06-09T14:39:04.692+05:30  INFO 18064 --- [restaurant] [restartedMain] com.netflix.discovery.DiscoveryClient    : Force full registry fetch : false
2025-06-09T14:39:04.692+05:30  INFO 18064 --- [restaurant] [restartedMain] com.netflix.discovery.DiscoveryClient    : Application is null : false
2025-06-09T14:39:04.692+05:30  INFO 18064 --- [restaurant] [restartedMain] com.netflix.discovery.DiscoveryClient    : Registered Applications size is zero : true
2025-06-09T14:39:04.692+05:30  INFO 18064 --- [restaurant] [restartedMain] com.netflix.discovery.DiscoveryClient    : Application version is -1: true
2025-06-09T14:39:04.692+05:30  INFO 18064 --- [restaurant] [restartedMain] com.netflix.discovery.DiscoveryClient    : Getting all instance registry info from the eureka server
2025-06-09T14:39:05.082+05:30  INFO 18064 --- [restaurant] [restartedMain] com.netflix.discovery.DiscoveryClient    : The response status is 200
2025-06-09T14:39:05.087+05:30  INFO 18064 --- [restaurant] [restartedMain] com.netflix.discovery.DiscoveryClient    : Starting heartbeat executor: renew interval is: 30
2025-06-09T14:39:05.092+05:30  INFO 18064 --- [restaurant] [restartedMain] c.n.discovery.InstanceInfoReplicator     : InstanceInfoReplicator onDemand update allowed rate per min is 4
2025-06-09T14:39:05.094+05:30  INFO 18064 --- [restaurant] [restartedMain] com.netflix.discovery.DiscoveryClient    : Discovery Client initialized at timestamp 1749460145094 with initial instances count: 7
2025-06-09T14:39:05.111+05:30  INFO 18064 --- [restaurant] [restartedMain] o.s.c.n.e.s.EurekaServiceRegistry        : Registering application RESTAURANT with eureka with status UP
2025-06-09T14:39:05.113+05:30  INFO 18064 --- [restaurant] [restartedMain] com.netflix.discovery.DiscoveryClient    : Saw local status change event StatusChangeEvent [timestamp=1749460145113, current=UP, previous=STARTING]
2025-06-09T14:39:05.123+05:30  INFO 18064 --- [restaurant] [DiscoveryClient-InstanceInfoReplicator-%d] com.netflix.discovery.DiscoveryClient    : DiscoveryClient_RESTAURANT/LTIN603865.cts.com:restaurant:8082: registering service...
2025-06-09T14:39:05.135+05:30  INFO 18064 --- [restaurant] [restartedMain] o.s.c.n.e.s.EurekaServiceRegistry        : Unregistering application RESTAURANT with eureka with status DOWN
2025-06-09T14:39:05.136+05:30  INFO 18064 --- [restaurant] [restartedMain] com.netflix.discovery.DiscoveryClient    : Saw local status change event StatusChangeEvent [timestamp=1749460145136, current=DOWN, previous=UP]
2025-06-09T14:39:05.136+05:30  WARN 18064 --- [restaurant] [restartedMain] ConfigServletWebServerApplicationContext : Exception encountered during context initialization - cancelling refresh attempt: org.springframework.context.ApplicationContextException: Failed to start bean 'webServerStartStop'
2025-06-09T14:39:05.145+05:30  INFO 18064 --- [restaurant] [restartedMain] j.LocalContainerEntityManagerFactoryBean : Closing JPA EntityManagerFactory for persistence unit 'default'
2025-06-09T14:39:05.152+05:30  INFO 18064 --- [restaurant] [restartedMain] com.zaxxer.hikari.HikariDataSource       : HikariPool-1 - Shutdown initiated...
2025-06-09T14:39:05.173+05:30  INFO 18064 --- [restaurant] [restartedMain] com.zaxxer.hikari.HikariDataSource       : HikariPool-1 - Shutdown completed.
2025-06-09T14:39:05.175+05:30  INFO 18064 --- [restaurant] [restartedMain] com.netflix.discovery.DiscoveryClient    : Shutting down DiscoveryClient ...
2025-06-09T14:39:05.199+05:30  INFO 18064 --- [restaurant] [DiscoveryClient-InstanceInfoReplicator-%d] com.netflix.discovery.DiscoveryClient    : DiscoveryClient_RESTAURANT/LTIN603865.cts.com:restaurant:8082 - registration status: 204
2025-06-09T14:39:05.199+05:30  INFO 18064 --- [restaurant] [DiscoveryClient-InstanceInfoReplicator-%d] com.netflix.discovery.DiscoveryClient    : DiscoveryClient_RESTAURANT/LTIN603865.cts.com:restaurant:8082: registering service...
2025-06-09T14:39:05.203+05:30  INFO 18064 --- [restaurant] [DiscoveryClient-InstanceInfoReplicator-%d] com.netflix.discovery.DiscoveryClient    : DiscoveryClient_RESTAURANT/LTIN603865.cts.com:restaurant:8082 - registration status: 204
2025-06-09T14:39:05.203+05:30  INFO 18064 --- [restaurant] [restartedMain] com.netflix.discovery.DiscoveryClient    : Unregistering ...
2025-06-09T14:39:05.209+05:30  INFO 18064 --- [restaurant] [restartedMain] com.netflix.discovery.DiscoveryClient    : DiscoveryClient_RESTAURANT/LTIN603865.cts.com:restaurant:8082 - deregister  status: 200
2025-06-09T14:39:05.209+05:30  INFO 18064 --- [restaurant] [restartedMain] com.netflix.discovery.DiscoveryClient    : Completed shut down of DiscoveryClient
2025-06-09T14:39:05.232+05:30  INFO 18064 --- [restaurant] [restartedMain] .s.b.a.l.ConditionEvaluationReportLogger : 

Error starting ApplicationContext. To display the condition evaluation report re-run your application with 'debug' enabled.
2025-06-09T14:39:05.267+05:30 ERROR 18064 --- [restaurant] [restartedMain] o.s.b.d.LoggingFailureAnalysisReporter   : 

***************************
APPLICATION FAILED TO START
***************************

Description:

Web server failed to start. Port 8082 was already in use.

Action:

Identify and stop the process that's listening on port 8082 or configure this application to listen on another port.

2025-06-09T14:39:08.049+05:30  INFO 14508 --- [restaurant] [DiscoveryClient-HeartbeatExecutor-%d] com.netflix.discovery.DiscoveryClient    : DiscoveryClient_RESTAURANT/LTIN603865.cts.com:restaurant:8082 - Re-registering apps/RESTAURANT
2025-06-09T14:39:08.050+05:30  INFO 14508 --- [restaurant] [DiscoveryClient-HeartbeatExecutor-%d] com.netflix.discovery.DiscoveryClient    : DiscoveryClient_RESTAURANT/LTIN603865.cts.com:restaurant:8082: registering service...
2025-06-09T14:39:08.067+05:30  INFO 14508 --- [restaurant] [DiscoveryClient-HeartbeatExecutor-%d] com.netflix.discovery.DiscoveryClient    : DiscoveryClient_RESTAURANT/LTIN603865.cts.com:restaurant:8082 - registration status: 204
2025-06-09T14:42:02.182+05:30  INFO 14508 --- [restaurant] [AsyncResolver-bootstrap-executor-%d] c.n.d.s.r.aws.ConfigClusterResolver      : Resolving eureka endpoints via configuration
2025-06-09T14:47:02.182+05:30  INFO 14508 --- [restaurant] [AsyncResolver-bootstrap-executor-%d] c.n.d.s.r.aws.ConfigClusterResolver      : Resolving eureka endpoints via configuration
2025-06-09T14:52:02.184+05:30  INFO 14508 --- [restaurant] [AsyncResolver-bootstrap-executor-%d] c.n.d.s.r.aws.ConfigClusterResolver      : Resolving eureka endpoints via configuration
2025-06-09T14:56:35.348+05:30  INFO 26700 --- [restaurant] [restartedMain] c.c.p.restaurant.RestaurantApplication   : Starting RestaurantApplication using Java 21.0.5 with PID 26700 (C:\Users\2400668\Desktop\OFds\-Online-Food-Delivery-System\restaurant\restaurant\target\classes started by 2400668 in C:\Users\2400668\Desktop\OFds\-Online-Food-Delivery-System\restaurant\restaurant)
2025-06-09T14:56:35.351+05:30  INFO 26700 --- [restaurant] [restartedMain] c.c.p.restaurant.RestaurantApplication   : No active profile set, falling back to 1 default profile: "default"
2025-06-09T14:56:35.415+05:30  INFO 26700 --- [restaurant] [restartedMain] o.s.c.c.c.ConfigServerConfigDataLoader   : Fetching config from server at : http://localhost:8888
2025-06-09T14:56:35.415+05:30  INFO 26700 --- [restaurant] [restartedMain] o.s.c.c.c.ConfigServerConfigDataLoader   : Located environment: name=restaurant, profiles=[default], label=null, version=c81f6bde933fdfde4ba433f60022f56113bf7d25, state=
2025-06-09T14:56:35.417+05:30  INFO 26700 --- [restaurant] [restartedMain] .e.DevToolsPropertyDefaultsPostProcessor : Devtools property defaults active! Set 'spring.devtools.add-properties' to 'false' to disable
2025-06-09T14:56:35.417+05:30  INFO 26700 --- [restaurant] [restartedMain] .e.DevToolsPropertyDefaultsPostProcessor : For additional web related logging consider setting the 'logging.level.web' property to 'DEBUG'
2025-06-09T14:56:36.585+05:30  INFO 26700 --- [restaurant] [restartedMain] .s.d.r.c.RepositoryConfigurationDelegate : Bootstrapping Spring Data JPA repositories in DEFAULT mode.
2025-06-09T14:56:36.696+05:30  INFO 26700 --- [restaurant] [restartedMain] .s.d.r.c.RepositoryConfigurationDelegate : Finished Spring Data repository scanning in 101 ms. Found 1 JPA repository interface.
2025-06-09T14:56:36.995+05:30  INFO 26700 --- [restaurant] [restartedMain] o.s.cloud.context.scope.GenericScope     : BeanFactory id=c41eacea-f4bf-3fad-805d-c57c96b6d7ad
2025-06-09T14:56:37.855+05:30  INFO 26700 --- [restaurant] [restartedMain] o.s.b.w.embedded.tomcat.TomcatWebServer  : Tomcat initialized with port 8082 (http)
2025-06-09T14:56:37.870+05:30  INFO 26700 --- [restaurant] [restartedMain] o.apache.catalina.core.StandardService   : Starting service [Tomcat]
2025-06-09T14:56:37.870+05:30  INFO 26700 --- [restaurant] [restartedMain] o.apache.catalina.core.StandardEngine    : Starting Servlet engine: [Apache Tomcat/10.1.40]
2025-06-09T14:56:37.925+05:30  INFO 26700 --- [restaurant] [restartedMain] o.a.c.c.C.[Tomcat].[localhost].[/]       : Initializing Spring embedded WebApplicationContext
2025-06-09T14:56:37.926+05:30  INFO 26700 --- [restaurant] [restartedMain] w.s.c.ServletWebServerApplicationContext : Root WebApplicationContext: initialization completed in 2508 ms
2025-06-09T14:56:38.465+05:30  INFO 26700 --- [restaurant] [restartedMain] o.hibernate.jpa.internal.util.LogHelper  : HHH000204: Processing PersistenceUnitInfo [name: default]
2025-06-09T14:56:38.559+05:30  INFO 26700 --- [restaurant] [restartedMain] org.hibernate.Version                    : HHH000412: Hibernate ORM core version 6.6.13.Final
2025-06-09T14:56:38.595+05:30  INFO 26700 --- [restaurant] [restartedMain] o.h.c.internal.RegionFactoryInitiator    : HHH000026: Second-level cache disabled
2025-06-09T14:56:38.807+05:30  INFO 26700 --- [restaurant] [restartedMain] o.s.o.j.p.SpringPersistenceUnitInfo      : No LoadTimeWeaver setup: ignoring JPA class transformer
2025-06-09T14:56:38.849+05:30  INFO 26700 --- [restaurant] [restartedMain] com.zaxxer.hikari.HikariDataSource       : HikariPool-1 - Starting...
2025-06-09T14:56:39.120+05:30  INFO 26700 --- [restaurant] [restartedMain] com.zaxxer.hikari.pool.HikariPool        : HikariPool-1 - Added connection com.mysql.cj.jdbc.ConnectionImpl@276ccc48
2025-06-09T14:56:39.123+05:30  INFO 26700 --- [restaurant] [restartedMain] com.zaxxer.hikari.HikariDataSource       : HikariPool-1 - Start completed.
2025-06-09T14:56:39.185+05:30  WARN 26700 --- [restaurant] [restartedMain] org.hibernate.orm.deprecation            : HHH90000025: MySQLDialect does not need to be specified explicitly using 'hibernate.dialect' (remove the property setting and it will be selected by default)
2025-06-09T14:56:39.204+05:30  INFO 26700 --- [restaurant] [restartedMain] org.hibernate.orm.connections.pooling    : HHH10001005: Database info:
	Database JDBC URL [Connecting through datasource 'HikariDataSource (HikariPool-1)']
	Database driver: undefined/unknown
	Database version: 8.0.41
	Autocommit mode: undefined/unknown
	Isolation level: undefined/unknown
	Minimum pool size: undefined/unknown
	Maximum pool size: undefined/unknown
2025-06-09T14:56:39.939+05:30  INFO 26700 --- [restaurant] [restartedMain] o.h.e.t.j.p.i.JtaPlatformInitiator       : HHH000489: No JTA platform available (set 'hibernate.transaction.jta.platform' to enable JTA platform integration)
2025-06-09T14:56:39.985+05:30  INFO 26700 --- [restaurant] [restartedMain] j.LocalContainerEntityManagerFactoryBean : Initialized JPA EntityManagerFactory for persistence unit 'default'
2025-06-09T14:56:40.532+05:30  WARN 26700 --- [restaurant] [restartedMain] JpaBaseConfiguration$JpaWebConfiguration : spring.jpa.open-in-view is enabled by default. Therefore, database queries may be performed during view rendering. Explicitly configure spring.jpa.open-in-view to disable this warning
2025-06-09T14:56:40.581+05:30  WARN 26700 --- [restaurant] [restartedMain] o.s.b.d.a.OptionalLiveReloadServer       : Unable to start LiveReload server
2025-06-09T14:56:40.647+05:30  INFO 26700 --- [restaurant] [restartedMain] o.s.c.openfeign.FeignClientFactoryBean   : For 'menuItems' URL not provided. Will try picking an instance via load-balancing.
2025-06-09T14:56:41.665+05:30  INFO 26700 --- [restaurant] [restartedMain] DiscoveryClientOptionalArgsConfiguration : Eureka HTTP Client uses RestTemplate.
2025-06-09T14:56:41.699+05:30  WARN 26700 --- [restaurant] [restartedMain] iguration$LoadBalancerCaffeineWarnLogger : Spring Cloud LoadBalancer is currently working with the default cache. While this cache implementation is useful for development and tests, it's recommended to use Caffeine cache in production.You can switch to using Caffeine cache, by adding it and org.springframework.cache.caffeine.CaffeineCacheManager to the classpath.
2025-06-09T14:56:41.752+05:30  INFO 26700 --- [restaurant] [restartedMain] o.s.b.a.e.web.EndpointLinksResolver      : Exposing 18 endpoints beneath base path '/actuator'
2025-06-09T14:56:41.822+05:30  INFO 26700 --- [restaurant] [restartedMain] o.s.c.n.eureka.InstanceInfoFactory       : Setting initial instance status as: STARTING
2025-06-09T14:56:41.855+05:30  INFO 26700 --- [restaurant] [restartedMain] com.netflix.discovery.DiscoveryClient    : Initializing Eureka in region us-east-1
2025-06-09T14:56:41.859+05:30  INFO 26700 --- [restaurant] [restartedMain] c.n.d.s.r.aws.ConfigClusterResolver      : Resolving eureka endpoints via configuration
2025-06-09T14:56:41.866+05:30  INFO 26700 --- [restaurant] [restartedMain] com.netflix.discovery.DiscoveryClient    : Disable delta property : false
2025-06-09T14:56:41.866+05:30  INFO 26700 --- [restaurant] [restartedMain] com.netflix.discovery.DiscoveryClient    : Single vip registry refresh property : null
2025-06-09T14:56:41.866+05:30  INFO 26700 --- [restaurant] [restartedMain] com.netflix.discovery.DiscoveryClient    : Force full registry fetch : false
2025-06-09T14:56:41.866+05:30  INFO 26700 --- [restaurant] [restartedMain] com.netflix.discovery.DiscoveryClient    : Application is null : false
2025-06-09T14:56:41.866+05:30  INFO 26700 --- [restaurant] [restartedMain] com.netflix.discovery.DiscoveryClient    : Registered Applications size is zero : true
2025-06-09T14:56:41.866+05:30  INFO 26700 --- [restaurant] [restartedMain] com.netflix.discovery.DiscoveryClient    : Application version is -1: true
2025-06-09T14:56:41.867+05:30  INFO 26700 --- [restaurant] [restartedMain] com.netflix.discovery.DiscoveryClient    : Getting all instance registry info from the eureka server
2025-06-09T14:56:42.087+05:30  INFO 26700 --- [restaurant] [restartedMain] com.netflix.discovery.DiscoveryClient    : The response status is 200
2025-06-09T14:56:42.089+05:30  INFO 26700 --- [restaurant] [restartedMain] com.netflix.discovery.DiscoveryClient    : Starting heartbeat executor: renew interval is: 30
2025-06-09T14:56:42.091+05:30  INFO 26700 --- [restaurant] [restartedMain] c.n.discovery.InstanceInfoReplicator     : InstanceInfoReplicator onDemand update allowed rate per min is 4
2025-06-09T14:56:42.092+05:30  INFO 26700 --- [restaurant] [restartedMain] com.netflix.discovery.DiscoveryClient    : Discovery Client initialized at timestamp 1749461202092 with initial instances count: 2
2025-06-09T14:56:42.098+05:30  INFO 26700 --- [restaurant] [restartedMain] o.s.c.n.e.s.EurekaServiceRegistry        : Registering application RESTAURANT with eureka with status UP
2025-06-09T14:56:42.100+05:30  INFO 26700 --- [restaurant] [restartedMain] com.netflix.discovery.DiscoveryClient    : Saw local status change event StatusChangeEvent [timestamp=1749461202100, current=UP, previous=STARTING]
2025-06-09T14:56:42.102+05:30  INFO 26700 --- [restaurant] [DiscoveryClient-InstanceInfoReplicator-%d] com.netflix.discovery.DiscoveryClient    : DiscoveryClient_RESTAURANT/LTIN603865.cts.com:restaurant:8082: registering service...
2025-06-09T14:56:42.121+05:30  INFO 26700 --- [restaurant] [restartedMain] o.s.b.w.embedded.tomcat.TomcatWebServer  : Tomcat started on port 8082 (http) with context path '/'
2025-06-09T14:56:42.122+05:30  INFO 26700 --- [restaurant] [restartedMain] .s.c.n.e.s.EurekaAutoServiceRegistration : Updating port to 8082
2025-06-09T14:56:42.148+05:30  INFO 26700 --- [restaurant] [restartedMain] c.c.p.restaurant.RestaurantApplication   : Started RestaurantApplication in 8.555 seconds (process running for 9.174)
2025-06-09T14:56:42.150+05:30  INFO 26700 --- [restaurant] [DiscoveryClient-InstanceInfoReplicator-%d] com.netflix.discovery.DiscoveryClient    : DiscoveryClient_RESTAURANT/LTIN603865.cts.com:restaurant:8082 - registration status: 204
2025-06-09T14:58:19.719+05:30  INFO 26700 --- [restaurant] [http-nio-8082-exec-3] o.a.c.c.C.[Tomcat].[localhost].[/]       : Initializing Spring DispatcherServlet 'dispatcherServlet'
2025-06-09T14:58:19.720+05:30  INFO 26700 --- [restaurant] [http-nio-8082-exec-3] o.s.web.servlet.DispatcherServlet        : Initializing Servlet 'dispatcherServlet'
2025-06-09T14:58:19.723+05:30  INFO 26700 --- [restaurant] [http-nio-8082-exec-3] o.s.web.servlet.DispatcherServlet        : Completed initialization in 3 ms
2025-06-09T14:58:19.764+05:30  INFO 26700 --- [restaurant] [http-nio-8082-exec-3] c.c.p.r.controller.RestaurantController  : Fetching all restaurants...
2025-06-09T14:58:19.764+05:30  INFO 26700 --- [restaurant] [http-nio-8082-exec-3] c.c.p.r.service.RestaurantServiceImpl    : Fetching all restaurants...
2025-06-09T14:58:19.913+05:30  INFO 26700 --- [restaurant] [http-nio-8082-exec-2] c.c.p.r.controller.RestaurantController  : Fetching all restaurants...
2025-06-09T14:58:19.914+05:30  INFO 26700 --- [restaurant] [http-nio-8082-exec-2] c.c.p.r.service.RestaurantServiceImpl    : Fetching all restaurants...
2025-06-09T14:58:24.133+05:30  INFO 26700 --- [restaurant] [http-nio-8082-exec-4] c.c.p.r.controller.RestaurantController  : Fetching all restaurants...
2025-06-09T14:58:24.133+05:30  INFO 26700 --- [restaurant] [http-nio-8082-exec-4] c.c.p.r.service.RestaurantServiceImpl    : Fetching all restaurants...
2025-06-09T14:58:24.149+05:30  INFO 26700 --- [restaurant] [http-nio-8082-exec-1] c.c.p.r.controller.RestaurantController  : Fetching all restaurants...
2025-06-09T14:58:24.149+05:30  INFO 26700 --- [restaurant] [http-nio-8082-exec-1] c.c.p.r.service.RestaurantServiceImpl    : Fetching all restaurants...
2025-06-09T14:59:57.527+05:30  INFO 26700 --- [restaurant] [http-nio-8082-exec-6] c.c.p.r.controller.RestaurantController  : Fetching all restaurants...
2025-06-09T14:59:57.527+05:30  INFO 26700 --- [restaurant] [http-nio-8082-exec-6] c.c.p.r.service.RestaurantServiceImpl    : Fetching all restaurants...
2025-06-09T14:59:57.545+05:30  INFO 26700 --- [restaurant] [http-nio-8082-exec-7] c.c.p.r.controller.RestaurantController  : Fetching all restaurants...
2025-06-09T14:59:57.545+05:30  INFO 26700 --- [restaurant] [http-nio-8082-exec-7] c.c.p.r.service.RestaurantServiceImpl    : Fetching all restaurants...
2025-06-09T15:00:01.366+05:30  INFO 26700 --- [restaurant] [http-nio-8082-exec-8] c.c.p.r.controller.RestaurantController  : Fetching all restaurants...
2025-06-09T15:00:01.366+05:30  INFO 26700 --- [restaurant] [http-nio-8082-exec-8] c.c.p.r.service.RestaurantServiceImpl    : Fetching all restaurants...
2025-06-09T15:00:01.384+05:30  INFO 26700 --- [restaurant] [http-nio-8082-exec-9] c.c.p.r.controller.RestaurantController  : Fetching all restaurants...
2025-06-09T15:00:01.384+05:30  INFO 26700 --- [restaurant] [http-nio-8082-exec-9] c.c.p.r.service.RestaurantServiceImpl    : Fetching all restaurants...
2025-06-09T15:00:06.249+05:30  INFO 26700 --- [restaurant] [http-nio-8082-exec-10] c.c.p.r.controller.RestaurantController  : Adding new restaurant: Restaurant(restaurantId=0, name=KFC, address=OMR road, Navalur , Chengalputtu -600130, phoneNumber=7364578365, email=kfc@gmail.com, menuItems=null)
2025-06-09T15:00:06.251+05:30  INFO 26700 --- [restaurant] [http-nio-8082-exec-10] c.c.p.r.service.RestaurantServiceImpl    : Adding new restaurant: Restaurant(restaurantId=0, name=KFC, address=OMR road, Navalur , Chengalputtu -600130, phoneNumber=7364578365, email=kfc@gmail.com, menuItems=null)
2025-06-09T15:00:06.315+05:30  INFO 26700 --- [restaurant] [http-nio-8082-exec-3] c.c.p.r.controller.RestaurantController  : Fetching all restaurants...
2025-06-09T15:00:06.315+05:30  INFO 26700 --- [restaurant] [http-nio-8082-exec-3] c.c.p.r.service.RestaurantServiceImpl    : Fetching all restaurants...
2025-06-09T15:01:28.379+05:30  INFO 26700 --- [restaurant] [http-nio-8082-exec-4] c.c.p.r.controller.RestaurantController  : Fetching all restaurants...
2025-06-09T15:01:28.380+05:30  INFO 26700 --- [restaurant] [http-nio-8082-exec-4] c.c.p.r.service.RestaurantServiceImpl    : Fetching all restaurants...
2025-06-09T15:01:28.399+05:30  INFO 26700 --- [restaurant] [http-nio-8082-exec-1] c.c.p.r.controller.RestaurantController  : Fetching all restaurants...
2025-06-09T15:01:28.399+05:30  INFO 26700 --- [restaurant] [http-nio-8082-exec-1] c.c.p.r.service.RestaurantServiceImpl    : Fetching all restaurants...
2025-06-09T15:01:30.187+05:30  INFO 26700 --- [restaurant] [http-nio-8082-exec-5] c.c.p.r.controller.RestaurantController  : Fetching restaurant by ID: 1
2025-06-09T15:01:30.187+05:30  INFO 26700 --- [restaurant] [http-nio-8082-exec-5] c.c.p.r.service.RestaurantServiceImpl    : Fetching restaurant by ID: 1
2025-06-09T15:01:30.238+05:30  INFO 26700 --- [restaurant] [http-nio-8082-exec-6] c.c.p.r.controller.RestaurantController  : Fetching restaurant by ID: 1
2025-06-09T15:01:30.238+05:30  INFO 26700 --- [restaurant] [http-nio-8082-exec-6] c.c.p.r.service.RestaurantServiceImpl    : Fetching restaurant by ID: 1
2025-06-09T15:01:37.198+05:30  INFO 26700 --- [restaurant] [http-nio-8082-exec-7] c.c.p.r.controller.RestaurantController  : Fetching restaurant by ID: 1
2025-06-09T15:01:37.198+05:30  INFO 26700 --- [restaurant] [http-nio-8082-exec-7] c.c.p.r.service.RestaurantServiceImpl    : Fetching restaurant by ID: 1
2025-06-09T15:01:37.217+05:30  INFO 26700 --- [restaurant] [http-nio-8082-exec-8] c.c.p.r.controller.RestaurantController  : Fetching restaurant by ID: 1
2025-06-09T15:01:37.217+05:30  INFO 26700 --- [restaurant] [http-nio-8082-exec-8] c.c.p.r.service.RestaurantServiceImpl    : Fetching restaurant by ID: 1
2025-06-09T15:01:41.878+05:30  INFO 26700 --- [restaurant] [AsyncResolver-bootstrap-executor-%d] c.n.d.s.r.aws.ConfigClusterResolver      : Resolving eureka endpoints via configuration
2025-06-09T15:02:02.181+05:30  INFO 26700 --- [restaurant] [http-nio-8082-exec-9] c.c.p.r.controller.RestaurantController  : Fetching all restaurants...
2025-06-09T15:02:02.181+05:30  INFO 26700 --- [restaurant] [http-nio-8082-exec-9] c.c.p.r.service.RestaurantServiceImpl    : Fetching all restaurants...
2025-06-09T15:02:02.204+05:30  INFO 26700 --- [restaurant] [http-nio-8082-exec-10] c.c.p.r.controller.RestaurantController  : Fetching all restaurants...
2025-06-09T15:02:02.204+05:30  INFO 26700 --- [restaurant] [http-nio-8082-exec-10] c.c.p.r.service.RestaurantServiceImpl    : Fetching all restaurants...
2025-06-09T15:02:05.897+05:30  INFO 26700 --- [restaurant] [http-nio-8082-exec-3] c.c.p.r.controller.RestaurantController  : Fetching restaurant by ID: 1
2025-06-09T15:02:05.898+05:30  INFO 26700 --- [restaurant] [http-nio-8082-exec-3] c.c.p.r.service.RestaurantServiceImpl    : Fetching restaurant by ID: 1
2025-06-09T15:02:05.916+05:30  INFO 26700 --- [restaurant] [http-nio-8082-exec-2] c.c.p.r.controller.RestaurantController  : Fetching restaurant by ID: 1
2025-06-09T15:02:05.916+05:30  INFO 26700 --- [restaurant] [http-nio-8082-exec-2] c.c.p.r.service.RestaurantServiceImpl    : Fetching restaurant by ID: 1
2025-06-09T15:02:14.411+05:30  INFO 26700 --- [restaurant] [http-nio-8082-exec-4] c.c.p.r.controller.RestaurantController  : Fetching all restaurants...
2025-06-09T15:02:14.411+05:30  INFO 26700 --- [restaurant] [http-nio-8082-exec-4] c.c.p.r.service.RestaurantServiceImpl    : Fetching all restaurants...
2025-06-09T15:02:14.427+05:30  INFO 26700 --- [restaurant] [http-nio-8082-exec-1] c.c.p.r.controller.RestaurantController  : Fetching all restaurants...
2025-06-09T15:02:14.427+05:30  INFO 26700 --- [restaurant] [http-nio-8082-exec-1] c.c.p.r.service.RestaurantServiceImpl    : Fetching all restaurants...
2025-06-09T15:02:16.444+05:30  INFO 26700 --- [restaurant] [http-nio-8082-exec-5] c.c.p.r.controller.RestaurantController  : Fetching restaurant by ID: 1
2025-06-09T15:02:16.444+05:30  INFO 26700 --- [restaurant] [http-nio-8082-exec-5] c.c.p.r.service.RestaurantServiceImpl    : Fetching restaurant by ID: 1
2025-06-09T15:02:16.457+05:30  INFO 26700 --- [restaurant] [http-nio-8082-exec-6] c.c.p.r.controller.RestaurantController  : Fetching restaurant by ID: 1
2025-06-09T15:02:16.458+05:30  INFO 26700 --- [restaurant] [http-nio-8082-exec-6] c.c.p.r.service.RestaurantServiceImpl    : Fetching restaurant by ID: 1
2025-06-09T15:02:38.009+05:30  INFO 26700 --- [restaurant] [http-nio-8082-exec-7] c.c.p.r.controller.RestaurantController  : Fetching restaurant by ID: 1
2025-06-09T15:02:38.009+05:30  INFO 26700 --- [restaurant] [http-nio-8082-exec-7] c.c.p.r.service.RestaurantServiceImpl    : Fetching restaurant by ID: 1
2025-06-09T15:02:38.021+05:30  INFO 26700 --- [restaurant] [http-nio-8082-exec-8] c.c.p.r.controller.RestaurantController  : Fetching restaurant by ID: 1
2025-06-09T15:02:38.022+05:30  INFO 26700 --- [restaurant] [http-nio-8082-exec-8] c.c.p.r.service.RestaurantServiceImpl    : Fetching restaurant by ID: 1
2025-06-09T15:02:44.281+05:30  INFO 26700 --- [restaurant] [http-nio-8082-exec-9] c.c.p.r.controller.RestaurantController  : Fetching restaurant by ID: 1
2025-06-09T15:02:44.281+05:30  INFO 26700 --- [restaurant] [http-nio-8082-exec-9] c.c.p.r.service.RestaurantServiceImpl    : Fetching restaurant by ID: 1
2025-06-09T15:05:16.331+05:30  INFO 26700 --- [restaurant] [http-nio-8082-exec-3] c.c.p.r.controller.RestaurantController  : Fetching restaurant by ID: 1
2025-06-09T15:05:16.331+05:30  INFO 26700 --- [restaurant] [http-nio-8082-exec-3] c.c.p.r.service.RestaurantServiceImpl    : Fetching restaurant by ID: 1
2025-06-09T15:05:18.838+05:30  INFO 26700 --- [restaurant] [http-nio-8082-exec-2] c.c.p.r.controller.RestaurantController  : Fetching restaurant by ID: 1
2025-06-09T15:05:18.838+05:30  INFO 26700 --- [restaurant] [http-nio-8082-exec-2] c.c.p.r.service.RestaurantServiceImpl    : Fetching restaurant by ID: 1
2025-06-09T15:06:41.894+05:30  INFO 26700 --- [restaurant] [AsyncResolver-bootstrap-executor-%d] c.n.d.s.r.aws.ConfigClusterResolver      : Resolving eureka endpoints via configuration
2025-06-09T15:06:56.483+05:30  INFO 26700 --- [restaurant] [http-nio-8082-exec-1] c.c.p.r.controller.RestaurantController  : Fetching restaurant by ID: 1
2025-06-09T15:06:56.483+05:30  INFO 26700 --- [restaurant] [http-nio-8082-exec-1] c.c.p.r.service.RestaurantServiceImpl    : Fetching restaurant by ID: 1
2025-06-09T15:06:58.107+05:30  INFO 26700 --- [restaurant] [http-nio-8082-exec-5] c.c.p.r.controller.RestaurantController  : Fetching restaurant by ID: 1
2025-06-09T15:06:58.107+05:30  INFO 26700 --- [restaurant] [http-nio-8082-exec-5] c.c.p.r.service.RestaurantServiceImpl    : Fetching restaurant by ID: 1
2025-06-09T15:11:41.903+05:30  INFO 26700 --- [restaurant] [AsyncResolver-bootstrap-executor-%d] c.n.d.s.r.aws.ConfigClusterResolver      : Resolving eureka endpoints via configuration
2025-06-09T15:16:41.907+05:30  INFO 26700 --- [restaurant] [AsyncResolver-bootstrap-executor-%d] c.n.d.s.r.aws.ConfigClusterResolver      : Resolving eureka endpoints via configuration
2025-06-09T15:17:07.150+05:30  INFO 26700 --- [restaurant] [http-nio-8082-exec-7] c.c.p.r.controller.RestaurantController  : Fetching all restaurants...
2025-06-09T15:17:07.151+05:30  INFO 26700 --- [restaurant] [http-nio-8082-exec-7] c.c.p.r.service.RestaurantServiceImpl    : Fetching all restaurants...
2025-06-09T15:17:07.173+05:30  INFO 26700 --- [restaurant] [http-nio-8082-exec-8] c.c.p.r.controller.RestaurantController  : Fetching all restaurants...
2025-06-09T15:17:07.173+05:30  INFO 26700 --- [restaurant] [http-nio-8082-exec-8] c.c.p.r.service.RestaurantServiceImpl    : Fetching all restaurants...
2025-06-09T15:17:09.233+05:30  INFO 26700 --- [restaurant] [http-nio-8082-exec-9] c.c.p.r.controller.RestaurantController  : Fetching restaurant by ID: 1
2025-06-09T15:17:09.233+05:30  INFO 26700 --- [restaurant] [http-nio-8082-exec-9] c.c.p.r.service.RestaurantServiceImpl    : Fetching restaurant by ID: 1
2025-06-09T15:17:09.250+05:30  INFO 26700 --- [restaurant] [http-nio-8082-exec-10] c.c.p.r.controller.RestaurantController  : Fetching restaurant by ID: 1
2025-06-09T15:17:09.250+05:30  INFO 26700 --- [restaurant] [http-nio-8082-exec-10] c.c.p.r.service.RestaurantServiceImpl    : Fetching restaurant by ID: 1
2025-06-09T15:21:41.921+05:30  INFO 26700 --- [restaurant] [AsyncResolver-bootstrap-executor-%d] c.n.d.s.r.aws.ConfigClusterResolver      : Resolving eureka endpoints via configuration
2025-06-09T15:22:59.872+05:30  INFO 26700 --- [restaurant] [http-nio-8082-exec-2] c.c.p.r.controller.RestaurantController  : Fetching all restaurants...
2025-06-09T15:22:59.872+05:30  INFO 26700 --- [restaurant] [http-nio-8082-exec-2] c.c.p.r.service.RestaurantServiceImpl    : Fetching all restaurants...
2025-06-09T15:22:59.893+05:30  INFO 26700 --- [restaurant] [http-nio-8082-exec-4] c.c.p.r.controller.RestaurantController  : Fetching all restaurants...
2025-06-09T15:22:59.894+05:30  INFO 26700 --- [restaurant] [http-nio-8082-exec-4] c.c.p.r.service.RestaurantServiceImpl    : Fetching all restaurants...
2025-06-09T15:23:04.192+05:30  INFO 26700 --- [restaurant] [http-nio-8082-exec-1] c.c.p.r.controller.RestaurantController  : Fetching restaurant by ID: 1
2025-06-09T15:23:04.192+05:30  INFO 26700 --- [restaurant] [http-nio-8082-exec-1] c.c.p.r.service.RestaurantServiceImpl    : Fetching restaurant by ID: 1
2025-06-09T15:23:04.204+05:30  INFO 26700 --- [restaurant] [http-nio-8082-exec-5] c.c.p.r.controller.RestaurantController  : Fetching restaurant by ID: 1
2025-06-09T15:23:04.204+05:30  INFO 26700 --- [restaurant] [http-nio-8082-exec-5] c.c.p.r.service.RestaurantServiceImpl    : Fetching restaurant by ID: 1
2025-06-09T15:23:09.543+05:30  INFO 26700 --- [restaurant] [http-nio-8082-exec-6] c.c.p.r.controller.RestaurantController  : Fetching restaurant by ID: 1
2025-06-09T15:23:09.543+05:30  INFO 26700 --- [restaurant] [http-nio-8082-exec-6] c.c.p.r.service.RestaurantServiceImpl    : Fetching restaurant by ID: 1
2025-06-09T15:23:09.556+05:30  INFO 26700 --- [restaurant] [http-nio-8082-exec-7] c.c.p.r.controller.RestaurantController  : Fetching restaurant by ID: 1
2025-06-09T15:23:09.556+05:30  INFO 26700 --- [restaurant] [http-nio-8082-exec-7] c.c.p.r.service.RestaurantServiceImpl    : Fetching restaurant by ID: 1
2025-06-09T15:23:10.179+05:30  INFO 26700 --- [restaurant] [http-nio-8082-exec-8] c.c.p.r.controller.RestaurantController  : Fetching all restaurants...
2025-06-09T15:23:10.179+05:30  INFO 26700 --- [restaurant] [http-nio-8082-exec-8] c.c.p.r.service.RestaurantServiceImpl    : Fetching all restaurants...
2025-06-09T15:23:10.196+05:30  INFO 26700 --- [restaurant] [http-nio-8082-exec-9] c.c.p.r.controller.RestaurantController  : Fetching all restaurants...
2025-06-09T15:23:10.196+05:30  INFO 26700 --- [restaurant] [http-nio-8082-exec-9] c.c.p.r.service.RestaurantServiceImpl    : Fetching all restaurants...
2025-06-09T15:23:12.294+05:30  INFO 26700 --- [restaurant] [http-nio-8082-exec-10] c.c.p.r.controller.RestaurantController  : Fetching restaurant by ID: 1
2025-06-09T15:23:12.294+05:30  INFO 26700 --- [restaurant] [http-nio-8082-exec-10] c.c.p.r.service.RestaurantServiceImpl    : Fetching restaurant by ID: 1
2025-06-09T15:23:12.312+05:30  INFO 26700 --- [restaurant] [http-nio-8082-exec-3] c.c.p.r.controller.RestaurantController  : Fetching restaurant by ID: 1
2025-06-09T15:23:12.312+05:30  INFO 26700 --- [restaurant] [http-nio-8082-exec-3] c.c.p.r.service.RestaurantServiceImpl    : Fetching restaurant by ID: 1
2025-06-09T15:26:41.938+05:30  INFO 26700 --- [restaurant] [AsyncResolver-bootstrap-executor-%d] c.n.d.s.r.aws.ConfigClusterResolver      : Resolving eureka endpoints via configuration
2025-06-09T15:31:41.950+05:30  INFO 26700 --- [restaurant] [AsyncResolver-bootstrap-executor-%d] c.n.d.s.r.aws.ConfigClusterResolver      : Resolving eureka endpoints via configuration
2025-06-09T15:36:41.961+05:30  INFO 26700 --- [restaurant] [AsyncResolver-bootstrap-executor-%d] c.n.d.s.r.aws.ConfigClusterResolver      : Resolving eureka endpoints via configuration
2025-06-09T15:41:41.966+05:30  INFO 26700 --- [restaurant] [AsyncResolver-bootstrap-executor-%d] c.n.d.s.r.aws.ConfigClusterResolver      : Resolving eureka endpoints via configuration
2025-06-09T15:46:41.968+05:30  INFO 26700 --- [restaurant] [AsyncResolver-bootstrap-executor-%d] c.n.d.s.r.aws.ConfigClusterResolver      : Resolving eureka endpoints via configuration
2025-06-09T15:51:41.974+05:30  INFO 26700 --- [restaurant] [AsyncResolver-bootstrap-executor-%d] c.n.d.s.r.aws.ConfigClusterResolver      : Resolving eureka endpoints via configuration
2025-06-09T15:56:22.273+05:30  INFO 26700 --- [restaurant] [http-nio-8082-exec-4] c.c.p.r.controller.RestaurantController  : Fetching all restaurants...
2025-06-09T15:56:22.273+05:30  INFO 26700 --- [restaurant] [http-nio-8082-exec-4] c.c.p.r.service.RestaurantServiceImpl    : Fetching all restaurants...
2025-06-09T15:56:22.294+05:30  INFO 26700 --- [restaurant] [http-nio-8082-exec-1] c.c.p.r.controller.RestaurantController  : Fetching all restaurants...
2025-06-09T15:56:22.294+05:30  INFO 26700 --- [restaurant] [http-nio-8082-exec-1] c.c.p.r.service.RestaurantServiceImpl    : Fetching all restaurants...
2025-06-09T15:56:25.966+05:30  INFO 26700 --- [restaurant] [http-nio-8082-exec-5] c.c.p.r.controller.RestaurantController  : Fetching restaurant by ID: 1
2025-06-09T15:56:25.966+05:30  INFO 26700 --- [restaurant] [http-nio-8082-exec-5] c.c.p.r.service.RestaurantServiceImpl    : Fetching restaurant by ID: 1
2025-06-09T15:56:25.979+05:30  INFO 26700 --- [restaurant] [http-nio-8082-exec-6] c.c.p.r.controller.RestaurantController  : Fetching restaurant by ID: 1
2025-06-09T15:56:25.979+05:30  INFO 26700 --- [restaurant] [http-nio-8082-exec-6] c.c.p.r.service.RestaurantServiceImpl    : Fetching restaurant by ID: 1
2025-06-09T15:56:27.514+05:30  INFO 26700 --- [restaurant] [http-nio-8082-exec-7] c.c.p.r.controller.RestaurantController  : Fetching all restaurants...
2025-06-09T15:56:27.515+05:30  INFO 26700 --- [restaurant] [http-nio-8082-exec-7] c.c.p.r.service.RestaurantServiceImpl    : Fetching all restaurants...
2025-06-09T15:56:27.529+05:30  INFO 26700 --- [restaurant] [http-nio-8082-exec-8] c.c.p.r.controller.RestaurantController  : Fetching all restaurants...
2025-06-09T15:56:27.529+05:30  INFO 26700 --- [restaurant] [http-nio-8082-exec-8] c.c.p.r.service.RestaurantServiceImpl    : Fetching all restaurants...
2025-06-09T15:56:41.985+05:30  INFO 26700 --- [restaurant] [AsyncResolver-bootstrap-executor-%d] c.n.d.s.r.aws.ConfigClusterResolver      : Resolving eureka endpoints via configuration
2025-06-09T15:56:42.309+05:30  INFO 26700 --- [restaurant] [http-nio-8082-exec-9] c.c.p.r.controller.RestaurantController  : Fetching all restaurants...
2025-06-09T15:56:42.309+05:30  INFO 26700 --- [restaurant] [http-nio-8082-exec-9] c.c.p.r.service.RestaurantServiceImpl    : Fetching all restaurants...
2025-06-09T15:56:42.334+05:30  INFO 26700 --- [restaurant] [http-nio-8082-exec-10] c.c.p.r.controller.RestaurantController  : Fetching all restaurants...
2025-06-09T15:56:42.334+05:30  INFO 26700 --- [restaurant] [http-nio-8082-exec-10] c.c.p.r.service.RestaurantServiceImpl    : Fetching all restaurants...
2025-06-09T15:56:45.160+05:30  INFO 26700 --- [restaurant] [http-nio-8082-exec-3] c.c.p.r.controller.RestaurantController  : Fetching restaurant by ID: 1
2025-06-09T15:56:45.161+05:30  INFO 26700 --- [restaurant] [http-nio-8082-exec-3] c.c.p.r.service.RestaurantServiceImpl    : Fetching restaurant by ID: 1
2025-06-09T15:56:45.177+05:30  INFO 26700 --- [restaurant] [http-nio-8082-exec-2] c.c.p.r.controller.RestaurantController  : Fetching restaurant by ID: 1
2025-06-09T15:56:45.177+05:30  INFO 26700 --- [restaurant] [http-nio-8082-exec-2] c.c.p.r.service.RestaurantServiceImpl    : Fetching restaurant by ID: 1
2025-06-09T16:01:41.992+05:30  INFO 26700 --- [restaurant] [AsyncResolver-bootstrap-executor-%d] c.n.d.s.r.aws.ConfigClusterResolver      : Resolving eureka endpoints via configuration
